SF:lib\features\auth\presentation\controller\auth_controller.dart
DA:70,1
DA:71,2
DA:74,1
DA:76,1
DA:77,1
DA:79,1
DA:80,1
DA:81,2
DA:82,2
DA:83,2
DA:84,2
DA:85,2
DA:88,1
DA:90,1
DA:91,0
DA:93,0
DA:94,0
DA:97,2
DA:98,2
DA:102,0
DA:103,0
DA:104,0
DA:105,0
DA:106,0
DA:107,0
DA:109,0
DA:110,0
DA:112,0
DA:113,0
DA:117,0
DA:118,0
DA:119,0
DA:120,0
DA:121,0
DA:124,0
DA:131,0
DA:132,0
DA:136,0
DA:139,0
DA:141,0
DA:142,0
DA:144,0
DA:150,0
DA:155,0
DA:156,0
DA:158,0
DA:159,0
DA:160,0
DA:168,0
DA:169,0
DA:170,0
DA:175,0
DA:177,0
DA:178,0
DA:179,0
DA:180,0
DA:184,0
DA:185,0
DA:195,0
DA:199,0
DA:200,0
DA:201,0
DA:202,0
DA:203,0
DA:205,0
DA:206,0
DA:207,0
DA:208,0
DA:209,0
DA:211,0
DA:213,0
DA:214,0
DA:215,0
DA:218,0
DA:222,0
DA:226,0
DA:227,0
DA:231,0
DA:233,0
DA:236,0
DA:239,0
DA:242,0
DA:243,0
DA:245,0
DA:246,0
DA:248,0
DA:250,0
DA:251,0
DA:252,0
DA:255,0
DA:256,0
DA:257,0
DA:258,0
DA:267,0
DA:268,0
DA:273,0
DA:274,0
DA:275,0
DA:276,0
DA:277,0
DA:279,0
DA:280,0
DA:283,0
DA:284,0
DA:285,0
DA:294,0
DA:297,0
DA:299,0
DA:300,0
DA:301,0
DA:302,0
DA:306,0
DA:307,0
DA:317,0
DA:321,0
DA:322,0
DA:324,0
DA:327,0
DA:328,0
DA:330,0
DA:331,0
DA:332,0
DA:333,0
DA:342,0
DA:343,0
DA:348,0
DA:349,0
DA:352,0
DA:353,0
DA:354,0
DA:364,0
DA:366,0
DA:367,0
DA:368,0
DA:369,0
DA:373,0
DA:374,0
DA:384,0
DA:390,0
DA:392,0
DA:394,0
DA:396,0
DA:400,0
DA:401,0
DA:404,0
DA:407,0
DA:409,0
DA:411,0
DA:415,0
DA:416,0
DA:417,0
DA:418,0
DA:419,0
DA:421,0
DA:422,0
DA:423,0
DA:424,0
DA:433,0
DA:434,0
DA:439,0
DA:440,0
DA:443,0
DA:444,0
DA:445,0
DA:454,0
DA:455,0
DA:459,0
DA:460,0
DA:461,0
DA:462,0
DA:463,0
DA:472,0
DA:476,0
DA:478,0
DA:480,0
DA:482,0
DA:486,0
DA:487,0
DA:490,0
DA:493,0
DA:495,0
DA:499,0
DA:500,0
DA:501,0
DA:502,0
DA:504,0
DA:505,0
DA:506,0
DA:508,0
DA:509,0
DA:511,0
DA:513,0
DA:514,0
DA:515,0
DA:524,0
DA:525,0
DA:530,0
DA:531,0
DA:532,0
DA:533,0
DA:534,0
DA:543,0
DA:547,0
DA:548,0
DA:549,0
DA:550,0
DA:551,0
DA:552,0
DA:553,0
DA:556,0
DA:561,0
LF:211
LH:16
end_of_record
SF:lib\features\auth\presentation\pages\login_page.dart
DA:14,7
DA:16,1
DA:17,1
DA:26,1
DA:28,1
DA:29,3
DA:30,1
DA:31,2
DA:35,1
DA:36,4
DA:38,1
DA:39,1
DA:40,1
DA:47,1
DA:49,1
DA:50,2
DA:51,3
DA:52,3
DA:54,1
DA:57,0
DA:58,1
DA:59,1
DA:60,1
DA:61,2
DA:63,1
DA:64,2
DA:68,1
DA:69,1
DA:70,1
DA:76,1
DA:77,1
DA:78,1
DA:79,1
DA:80,1
DA:82,0
DA:89,1
DA:90,1
DA:92,1
DA:93,1
DA:94,1
DA:95,3
DA:96,1
DA:97,3
DA:98,1
DA:99,1
DA:103,1
DA:104,2
DA:107,1
DA:108,1
DA:109,1
DA:110,1
DA:111,1
DA:112,1
DA:113,1
DA:114,1
DA:127,1
DA:128,1
DA:129,2
DA:130,3
DA:131,3
DA:132,3
DA:134,1
DA:135,1
DA:137,1
DA:139,0
DA:142,1
DA:143,1
DA:144,1
DA:146,1
DA:147,2
DA:148,1
DA:149,1
DA:150,1
DA:151,1
DA:152,2
DA:154,1
DA:155,1
DA:156,1
DA:157,2
DA:158,1
DA:159,1
DA:160,1
DA:162,1
DA:164,1
DA:165,1
DA:166,2
DA:167,3
DA:168,1
DA:172,1
DA:173,2
DA:174,3
DA:175,1
DA:179,1
DA:180,2
DA:181,3
DA:182,1
DA:188,1
DA:190,2
DA:191,1
DA:192,3
DA:194,1
DA:195,3
DA:197,1
DA:199,1
DA:218,1
DA:219,1
DA:220,1
DA:222,1
DA:223,1
DA:224,2
DA:225,1
DA:228,1
DA:237,1
DA:238,1
DA:239,1
DA:241,1
DA:242,1
DA:243,1
DA:244,1
DA:247,1
DA:256,1
DA:257,1
DA:258,1
DA:260,1
DA:261,1
DA:262,1
DA:263,1
DA:266,1
DA:275,1
DA:276,1
DA:279,1
DA:287,0
DA:288,0
DA:290,0
DA:291,0
DA:292,0
DA:293,0
DA:294,0
DA:295,0
DA:299,0
DA:300,0
DA:301,0
DA:308,0
DA:309,0
DA:311,0
DA:312,0
DA:313,0
DA:314,0
DA:315,0
DA:316,0
DA:320,0
DA:321,0
DA:322,0
DA:329,0
DA:330,0
DA:332,0
DA:333,0
DA:334,0
DA:335,0
DA:336,0
DA:337,0
DA:341,0
DA:342,0
DA:343,0
DA:350,1
DA:351,1
DA:354,1
DA:356,0
DA:357,0
DA:358,0
DA:359,0
DA:361,0
DA:362,0
DA:366,3
DA:370,1
DA:371,1
DA:374,1
DA:376,0
DA:377,0
DA:378,0
DA:379,0
DA:381,0
DA:382,0
DA:386,3
DA:390,1
DA:391,1
DA:393,1
DA:395,1
DA:396,1
DA:397,1
DA:398,1
DA:401,3
DA:410,1
DA:411,1
DA:412,2
DA:414,1
DA:415,3
DA:416,0
DA:417,0
DA:418,0
DA:423,0
DA:425,0
DA:427,0
DA:430,2
DA:433,1
DA:434,2
DA:435,3
DA:436,0
DA:439,0
DA:440,0
DA:443,1
DA:445,1
DA:446,1
DA:452,1
DA:453,1
DA:454,1
DA:457,3
DA:467,1
DA:468,1
DA:469,2
DA:471,1
DA:472,0
DA:473,3
DA:474,0
DA:475,0
DA:476,0
DA:477,0
DA:478,0
DA:479,0
DA:482,0
DA:483,0
DA:487,1
DA:488,0
DA:490,0
DA:493,2
DA:496,1
DA:497,2
DA:498,3
DA:499,0
DA:502,0
DA:503,0
DA:506,1
DA:507,1
DA:508,1
DA:511,2
DA:519,1
DA:520,1
DA:522,1
DA:524,1
DA:525,1
DA:526,3
DA:527,1
DA:529,1
DA:530,1
DA:531,1
DA:533,3
DA:538,3
DA:544,1
DA:545,1
DA:547,1
DA:549,1
DA:550,1
DA:551,1
DA:552,1
DA:554,3
DA:558,1
DA:559,1
DA:560,0
DA:561,0
DA:562,0
DA:567,1
DA:568,1
DA:569,1
DA:572,1
DA:580,1
DA:581,1
DA:582,0
DA:583,0
DA:585,1
DA:586,1
DA:587,1
DA:590,1
LF:282
LH:206
end_of_record
SF:lib\features\auth\presentation\pages\widgets\box_neumorphysm.dart
DA:5,4
DA:36,4
DA:38,4
DA:39,4
DA:40,4
DA:41,4
DA:42,4
DA:43,4
DA:44,4
DA:45,4
DA:46,4
DA:47,4
DA:48,4
DA:49,4
DA:50,4
DA:51,4
LF:16
LH:16
end_of_record
SF:lib\core\const\const.dart
DA:11,12
DA:12,0
DA:13,9
DA:14,6
DA:15,3
DA:17,0
DA:18,12
DA:19,0
DA:20,0
DA:21,6
DA:22,12
DA:23,0
DA:31,0
DA:32,4
DA:33,0
DA:34,0
DA:35,0
DA:36,0
DA:37,0
DA:40,0
DA:41,0
DA:42,6
DA:43,6
DA:44,0
DA:45,4
DA:47,0
DA:48,0
DA:49,0
LF:28
LH:11
end_of_record
SF:lib\core\network\db_helper.dart
DA:8,3
DA:9,2
DA:10,1
DA:14,1
DA:16,1
DA:20,1
DA:21,1
DA:22,0
DA:25,0
DA:29,0
DA:30,0
DA:50,0
DA:62,0
DA:65,0
DA:66,0
DA:67,0
DA:70,0
DA:84,0
DA:88,0
DA:89,0
DA:90,0
DA:93,0
DA:98,0
DA:99,0
DA:100,0
DA:102,0
DA:104,0
DA:109,0
DA:110,0
DA:111,0
DA:114,0
DA:119,1
DA:120,1
DA:121,0
DA:124,0
DA:128,0
DA:129,0
DA:130,0
LF:38
LH:9
end_of_record
SF:lib\core\network\dio_baseurl.dart
DA:7,1
DA:8,1
DA:9,1
DA:13,1
LF:4
LH:4
end_of_record
SF:lib\core\theme\theme_controller.dart
DA:8,0
DA:10,0
DA:11,0
DA:14,0
DA:15,0
DA:16,0
DA:18,0
DA:20,0
DA:21,0
DA:24,0
DA:25,0
DA:26,0
DA:28,0
DA:32,0
DA:33,0
DA:34,0
DA:35,0
DA:36,0
LF:18
LH:0
end_of_record
SF:lib\core\utils\map_utils.dart
DA:9,0
DA:10,0
DA:12,0
DA:13,0
DA:14,0
DA:15,0
DA:17,0
DA:18,0
DA:19,0
DA:26,0
DA:27,0
DA:29,0
DA:31,0
DA:32,0
DA:33,0
DA:37,0
DA:38,0
DA:39,0
DA:43,0
DA:44,0
DA:45,0
DA:49,0
DA:50,0
DA:51,0
DA:56,0
DA:57,0
DA:62,0
DA:63,0
DA:65,0
DA:66,0
DA:67,0
DA:68,0
DA:69,0
DA:70,0
DA:72,0
DA:74,0
DA:75,0
DA:76,0
DA:77,0
DA:78,0
DA:79,0
DA:81,0
DA:82,0
DA:83,0
DA:86,0
DA:88,0
DA:89,0
DA:90,0
DA:91,0
DA:92,0
DA:93,0
DA:101,0
DA:103,0
DA:104,0
DA:106,0
DA:109,0
DA:110,0
DA:111,0
DA:124,0
LF:59
LH:0
end_of_record
SF:lib\features\add_report\data\model\alert_model.dart
DA:14,0
DA:28,0
DA:29,0
DA:30,0
DA:31,0
DA:32,0
DA:33,0
DA:34,0
DA:35,0
DA:36,0
DA:37,0
DA:38,0
DA:39,0
DA:40,0
LF:14
LH:0
end_of_record
SF:lib\features\add_report\presentation\controller\add_report_controller.dart
DA:24,1
DA:40,1
DA:42,1
DA:43,1
DA:44,1
DA:47,0
DA:49,0
DA:50,0
DA:54,1
DA:55,4
DA:56,0
DA:57,0
DA:60,0
DA:61,0
DA:66,1
DA:67,5
DA:70,0
DA:71,0
DA:73,0
DA:77,1
DA:78,4
DA:79,2
DA:86,0
DA:87,0
DA:88,0
DA:89,0
DA:92,0
DA:93,0
DA:97,0
DA:99,0
DA:100,0
DA:102,0
DA:103,0
DA:104,0
DA:105,0
DA:107,0
DA:110,0
DA:111,0
DA:114,0
DA:116,0
DA:119,0
DA:121,0
DA:122,0
DA:123,0
DA:131,0
DA:134,0
DA:135,0
DA:139,0
DA:141,0
DA:142,0
DA:144,0
DA:145,0
DA:146,0
DA:147,0
DA:148,0
DA:149,0
DA:153,0
DA:154,0
DA:155,0
DA:164,0
DA:167,0
DA:169,0
DA:170,0
DA:171,0
DA:179,0
DA:183,1
DA:184,2
DA:185,2
DA:186,2
DA:187,2
DA:188,2
DA:191,0
DA:193,0
DA:194,0
DA:196,0
DA:202,0
DA:204,0
DA:206,0
DA:207,0
DA:208,0
DA:216,0
DA:217,0
DA:218,0
DA:219,0
DA:220,0
DA:221,0
DA:222,0
DA:231,0
DA:232,0
DA:233,0
DA:234,0
DA:242,0
DA:246,0
DA:247,0
DA:249,0
DA:250,0
DA:251,0
DA:259,1
DA:261,2
DA:262,0
DA:268,0
DA:282,0
DA:283,0
DA:286,0
DA:299,0
DA:305,0
DA:307,0
DA:309,0
DA:313,0
DA:314,0
DA:316,0
DA:317,0
DA:323,0
DA:325,0
DA:326,0
DA:327,0
DA:328,0
DA:330,0
DA:333,0
DA:334,0
DA:335,0
DA:336,0
DA:337,0
DA:338,0
DA:339,0
DA:340,0
DA:341,0
DA:343,0
DA:346,0
DA:352,0
DA:353,0
DA:360,0
DA:361,0
DA:362,0
DA:363,0
DA:371,0
DA:374,0
DA:375,0
DA:376,0
DA:377,0
LF:140
LH:20
end_of_record
SF:lib\features\add_report\presentation\pages\map.dart
DA:10,0
DA:12,0
DA:13,0
DA:22,0
DA:24,0
DA:25,0
DA:26,0
DA:30,0
DA:31,0
DA:33,0
DA:34,0
DA:35,0
DA:36,0
DA:38,0
DA:43,0
DA:44,0
DA:46,0
DA:47,0
DA:48,0
DA:49,0
DA:50,0
DA:55,0
DA:56,0
DA:58,0
DA:60,0
DA:66,0
DA:67,0
DA:68,0
DA:69,0
DA:72,0
DA:73,0
DA:74,0
DA:75,0
DA:80,0
DA:81,0
DA:82,0
DA:83,0
DA:85,0
DA:86,0
DA:92,0
DA:94,0
DA:95,0
DA:97,0
DA:98,0
DA:99,0
DA:100,0
DA:101,0
DA:103,0
DA:104,0
DA:105,0
DA:106,0
DA:107,0
DA:108,0
DA:109,0
DA:110,0
DA:111,0
DA:114,0
DA:118,0
DA:119,0
DA:120,0
DA:121,0
DA:123,0
DA:124,0
DA:125,0
DA:126,0
DA:130,0
DA:131,0
DA:132,0
DA:135,0
DA:136,0
DA:142,0
DA:144,0
DA:145,0
DA:147,0
DA:148,0
DA:149,0
DA:150,0
DA:152,0
DA:153,0
DA:154,0
DA:156,0
DA:157,0
DA:158,0
DA:159,0
DA:162,0
DA:164,0
DA:165,0
DA:166,0
DA:167,0
DA:169,0
DA:170,0
DA:171,0
DA:173,0
DA:174,0
DA:175,0
DA:177,0
DA:178,0
DA:179,0
DA:181,0
DA:191,0
DA:193,0
DA:194,0
DA:196,0
DA:197,0
DA:199,0
DA:200,0
DA:206,0
DA:209,0
DA:210,0
DA:211,0
DA:212,0
DA:214,0
DA:215,0
DA:216,0
DA:218,0
DA:224,0
DA:225,0
DA:226,0
DA:228,0
DA:231,0
DA:233,0
DA:235,0
DA:236,0
DA:237,0
DA:239,0
DA:240,0
DA:241,0
DA:243,0
DA:247,0
DA:248,0
DA:249,0
DA:250,0
DA:252,0
LF:133
LH:0
end_of_record
SF:lib\features\auth\data\datasource\auth_remote_datasource.dart
DA:29,0
DA:30,0
DA:33,0
DA:34,0
DA:37,0
DA:38,0
DA:40,0
DA:44,0
DA:46,0
DA:47,0
DA:50,0
DA:52,0
DA:53,0
DA:56,0
DA:60,0
DA:62,0
DA:65,0
DA:66,0
DA:68,0
LF:19
LH:0
end_of_record
SF:lib\features\auth\data\model\approved_request.dart
DA:4,0
DA:6,0
LF:2
LH:0
end_of_record
SF:lib\features\auth\data\model\auth_by_google.dart
DA:5,0
DA:9,0
DA:15,0
DA:16,0
DA:17,0
DA:18,0
DA:19,0
LF:7
LH:0
end_of_record
SF:lib\features\auth\data\model\enum_model.dart
DA:5,0
DA:8,0
DA:10,0
DA:11,0
DA:12,0
DA:13,0
DA:17,0
DA:18,0
DA:19,0
DA:20,0
DA:26,0
DA:34,0
DA:44,0
DA:45,0
DA:46,0
DA:47,0
DA:48,0
DA:51,0
DA:52,0
DA:53,0
DA:54,0
DA:55,0
DA:56,0
DA:57,0
DA:58,0
LF:25
LH:0
end_of_record
SF:lib\features\auth\data\model\login_google_response_model.dart
DA:15,0
DA:28,0
DA:29,0
DA:30,0
DA:31,0
DA:32,0
DA:33,0
DA:34,0
DA:35,0
DA:36,0
DA:37,0
DA:38,0
DA:39,0
DA:43,0
DA:44,0
DA:45,0
DA:46,0
DA:47,0
DA:48,0
DA:49,0
DA:50,0
DA:51,0
DA:52,0
DA:53,0
DA:54,0
LF:25
LH:0
end_of_record
SF:lib\features\auth\data\model\login_request.dart
DA:7,0
DA:14,0
DA:15,0
DA:16,0
DA:17,0
DA:18,0
LF:6
LH:0
end_of_record
SF:lib\features\auth\data\model\register_google_request_model.dart
DA:6,0
DA:12,0
DA:13,0
DA:14,0
DA:15,0
LF:5
LH:0
end_of_record
SF:lib\features\auth\data\model\register_google_response_model.dart
DA:8,0
DA:14,0
DA:15,0
DA:16,0
DA:17,0
DA:18,0
DA:22,0
DA:23,0
LF:8
LH:0
end_of_record
SF:lib\features\auth\data\model\register_request.dart
DA:11,0
DA:22,0
DA:23,0
DA:24,0
DA:25,0
DA:26,0
DA:27,0
DA:28,0
DA:29,0
DA:30,0
DA:31,0
LF:11
LH:0
end_of_record
SF:lib\features\auth\domain\entities\login_google.dart
DA:13,0
LF:1
LH:0
end_of_record
SF:lib\features\auth\domain\entities\register_google.dart
DA:7,0
LF:1
LH:0
end_of_record
SF:lib\features\auth\domain\entities\auth_by_google.dart
DA:6,0
LF:1
LH:0
end_of_record
SF:lib\features\auth\domain\entities\enum.dart
DA:5,0
DA:20,0
LF:2
LH:0
end_of_record
SF:lib\features\auth\data\repositories\auth_repository_impl.dart
DA:19,1
DA:21,0
DA:23,0
DA:25,0
DA:27,0
DA:28,0
DA:29,0
DA:30,0
DA:34,0
DA:36,0
DA:38,0
DA:40,0
DA:41,0
DA:42,0
DA:43,0
DA:44,0
DA:45,0
DA:46,0
DA:47,0
DA:48,0
DA:49,0
DA:50,0
DA:54,0
DA:56,0
DA:58,0
DA:60,0
DA:61,0
DA:62,0
DA:63,0
DA:64,0
DA:65,0
DA:66,0
DA:67,0
DA:71,0
DA:77,0
DA:83,0
DA:87,0
DA:90,0
DA:91,0
DA:93,0
DA:97,0
DA:98,0
LF:42
LH:1
end_of_record
SF:lib\features\auth\domain\entities\approved.dart
DA:10,0
LF:1
LH:0
end_of_record
SF:lib\features\auth\domain\entities\login.dart
DA:13,0
LF:1
LH:0
end_of_record
SF:lib\features\auth\domain\entities\user.dart
DA:6,1
LF:1
LH:1
end_of_record
SF:lib\features\auth\domain\entities\change_language.dart
DA:5,0
DA:14,0
LF:2
LH:0
end_of_record
SF:lib\features\auth\domain\entities\change_password_entity.dart
DA:6,0
DA:8,0
DA:9,0
DA:10,0
DA:11,0
LF:5
LH:0
end_of_record
SF:lib\features\auth\domain\usecase\approved_usecase.dart
DA:10,1
DA:12,0
DA:13,0
LF:3
LH:1
end_of_record
SF:lib\features\auth\domain\usecase\change_language_usecase.dart
DA:7,0
DA:9,0
DA:10,0
LF:3
LH:0
end_of_record
SF:lib\features\auth\domain\usecase\change_password_usecase.dart
DA:8,0
DA:10,0
DA:11,0
DA:12,0
DA:14,0
DA:17,0
LF:6
LH:0
end_of_record
SF:lib\features\auth\domain\usecase\enum_usecase.dart
DA:9,0
DA:11,0
DA:12,0
LF:3
LH:0
end_of_record
SF:lib\features\auth\domain\usecase\login_usecase.dart
DA:10,1
DA:12,0
DA:13,0
LF:3
LH:1
end_of_record
SF:lib\features\auth\domain\usecase\login_with_google_usecase.dart
DA:9,1
DA:11,0
DA:16,0
LF:3
LH:1
end_of_record
SF:lib\features\auth\domain\usecase\register_google_usecase.dart
DA:8,1
DA:10,0
DA:15,0
DA:20,0
LF:4
LH:1
end_of_record
SF:lib\features\auth\domain\usecase\register_usecase.dart
DA:10,1
DA:12,0
DA:13,0
LF:3
LH:1
end_of_record
SF:lib\features\auth\presentation\controller\translation_controller.dart
DA:12,0
DA:17,0
DA:19,0
DA:21,0
DA:23,0
DA:30,0
DA:32,0
DA:34,0
DA:36,0
DA:44,0
DA:45,0
DA:46,0
DA:50,0
DA:51,0
DA:52,0
DA:53,0
DA:54,0
DA:57,0
DA:59,0
DA:60,0
DA:62,0
DA:63,0
DA:67,0
DA:68,0
DA:70,0
DA:71,0
DA:81,0
DA:83,0
DA:85,0
DA:88,0
DA:90,0
DA:92,0
DA:93,0
DA:94,0
DA:100,0
DA:101,0
DA:102,0
DA:103,0
DA:109,0
LF:39
LH:0
end_of_record
SF:lib\features\auth\presentation\pages\check_user_is_approved.dart
DA:10,1
DA:14,1
DA:20,1
DA:21,1
DA:25,1
DA:27,1
DA:28,2
DA:29,3
DA:30,3
DA:33,1
DA:40,1
DA:47,1
DA:48,1
DA:49,1
DA:51,1
DA:53,1
DA:54,1
DA:55,2
DA:56,4
DA:59,1
DA:60,1
DA:61,1
DA:63,1
DA:64,1
DA:65,1
DA:66,1
DA:67,1
DA:69,1
DA:78,1
DA:79,1
DA:80,2
DA:81,3
DA:82,3
DA:85,1
DA:86,1
DA:92,1
DA:99,1
DA:106,1
DA:107,1
DA:113,1
DA:120,1
DA:127,1
DA:128,1
DA:131,1
DA:132,0
DA:134,0
DA:138,0
DA:141,1
DA:142,1
DA:143,1
DA:145,1
DA:146,1
DA:152,1
DA:153,1
DA:154,1
DA:156,1
DA:157,1
DA:159,1
DA:162,2
DA:166,1
DA:172,0
DA:173,1
DA:174,1
DA:176,1
DA:178,3
DA:185,1
DA:186,1
DA:187,3
DA:189,1
DA:196,1
DA:203,1
DA:210,1
DA:217,1
DA:218,1
DA:222,1
DA:223,1
DA:224,3
DA:225,3
DA:226,3
DA:227,1
DA:228,1
DA:229,3
DA:233,1
DA:234,1
DA:235,4
DA:236,1
DA:239,1
DA:241,1
DA:242,2
DA:247,1
DA:248,1
DA:249,1
DA:252,2
DA:255,1
DA:256,1
DA:258,3
DA:262,1
DA:263,1
DA:265,1
DA:268,3
LF:100
LH:96
end_of_record
SF:lib\features\home\presentation\controller\home_controller.dart
DA:41,0
DA:42,0
DA:43,0
DA:44,0
DA:45,0
DA:46,0
DA:47,0
DA:48,0
DA:78,1
DA:80,1
DA:81,1
DA:82,1
DA:83,1
DA:85,2
DA:86,2
DA:87,1
DA:88,0
DA:89,0
DA:94,0
DA:95,0
DA:96,0
DA:98,0
DA:99,0
DA:100,0
DA:101,0
DA:102,0
DA:104,0
DA:105,0
DA:109,0
DA:112,1
DA:113,2
DA:118,1
DA:119,4
DA:122,0
DA:123,0
DA:126,0
DA:127,0
DA:132,1
DA:133,2
DA:136,1
DA:153,0
DA:154,0
DA:155,0
DA:156,0
DA:157,0
DA:158,0
DA:159,0
DA:160,0
DA:161,0
DA:164,0
DA:165,0
DA:166,0
DA:167,0
DA:168,0
DA:169,0
DA:172,1
DA:173,2
DA:174,2
DA:176,1
DA:177,3
DA:178,3
DA:179,3
DA:180,2
DA:181,2
DA:182,2
DA:183,2
DA:184,2
DA:185,2
DA:186,2
DA:189,2
DA:191,0
DA:192,0
DA:193,0
DA:194,0
DA:195,0
DA:202,0
DA:203,0
DA:207,0
DA:210,0
DA:211,0
DA:212,0
DA:215,0
DA:216,0
DA:217,0
DA:220,0
DA:221,0
DA:222,0
DA:223,0
DA:226,0
DA:227,0
DA:228,0
DA:229,0
DA:232,0
DA:233,0
DA:234,0
DA:235,0
DA:238,0
DA:239,0
DA:240,0
DA:241,0
DA:244,0
DA:245,0
DA:246,0
DA:247,0
DA:248,0
DA:251,0
DA:252,0
DA:255,0
DA:256,0
DA:257,0
DA:260,0
DA:261,0
DA:262,0
DA:263,0
DA:267,0
DA:268,0
DA:269,0
DA:272,0
DA:273,0
DA:274,0
DA:275,0
DA:276,0
DA:277,0
DA:278,0
DA:279,0
DA:280,0
DA:283,0
DA:284,0
DA:285,0
DA:288,0
DA:289,0
DA:290,0
DA:291,0
DA:292,0
DA:293,0
DA:294,0
DA:295,0
DA:297,0
DA:298,0
DA:299,0
DA:301,0
DA:305,0
DA:306,0
DA:308,0
DA:313,0
DA:314,0
DA:315,0
DA:316,0
DA:317,0
DA:324,0
DA:325,0
DA:329,0
DA:332,0
DA:333,0
DA:334,0
DA:337,0
DA:341,0
DA:342,0
DA:343,0
DA:344,0
DA:345,0
DA:346,0
DA:347,0
DA:355,0
DA:356,0
DA:357,0
DA:358,0
DA:363,0
DA:364,0
DA:366,0
DA:367,0
DA:369,0
DA:370,0
DA:380,0
DA:381,0
DA:384,0
DA:385,0
DA:388,1
DA:389,2
DA:390,2
DA:392,1
DA:393,5
DA:394,2
DA:395,2
DA:396,2
DA:397,2
DA:400,2
DA:402,0
DA:403,0
DA:404,0
DA:405,0
DA:406,0
DA:413,0
DA:414,0
DA:415,0
DA:419,0
DA:422,1
DA:423,2
DA:425,3
DA:426,4
DA:427,1
DA:428,0
DA:429,0
DA:430,1
DA:433,2
DA:436,1
DA:437,2
DA:438,1
DA:441,1
DA:442,2
DA:445,1
DA:446,2
DA:449,0
DA:450,0
DA:453,0
DA:454,0
DA:457,0
DA:458,0
DA:461,0
DA:462,0
DA:465,1
DA:466,2
DA:467,2
DA:468,2
DA:469,2
DA:470,2
DA:471,1
DA:474,0
DA:475,0
DA:476,0
DA:477,0
DA:478,0
DA:480,0
DA:482,0
DA:483,0
DA:484,0
DA:485,0
DA:486,0
LF:238
LH:61
end_of_record
SF:lib\features\home\presentation\pages\home.dart
DA:18,0
DA:20,0
DA:21,0
DA:30,0
DA:32,0
DA:33,0
DA:34,0
DA:35,0
DA:36,0
DA:38,0
DA:40,0
DA:41,0
DA:42,0
DA:43,0
DA:44,0
DA:45,0
DA:46,0
DA:49,0
DA:53,0
DA:54,0
DA:55,0
DA:61,0
DA:62,0
DA:63,0
DA:64,0
DA:66,0
DA:69,0
DA:71,0
DA:75,0
DA:76,0
DA:77,0
DA:79,0
DA:81,0
DA:84,0
DA:85,0
DA:86,0
DA:87,0
DA:88,0
DA:89,0
DA:90,0
LF:40
LH:0
end_of_record
SF:lib\features\auth\presentation\controller\change_password_controller.dart
DA:8,0
DA:17,0
DA:18,0
DA:19,0
DA:21,0
DA:22,0
DA:23,0
DA:26,0
DA:27,0
DA:28,0
DA:30,0
DA:31,0
DA:34,0
DA:37,0
DA:38,0
DA:39,0
LF:16
LH:0
end_of_record
SF:lib\features\auth\presentation\pages\change_password.dart
DA:8,0
DA:11,0
DA:13,0
DA:14,0
DA:15,0
DA:18,0
DA:21,0
DA:22,0
DA:23,0
DA:24,0
DA:25,0
DA:27,0
DA:28,0
DA:30,0
DA:31,0
DA:32,0
DA:33,0
DA:34,0
DA:36,0
DA:37,0
DA:40,0
DA:42,0
DA:43,0
DA:44,0
DA:45,0
DA:47,0
DA:51,0
DA:52,0
DA:53,0
DA:54,0
DA:55,0
DA:59,0
DA:60,0
DA:61,0
DA:63,0
DA:64,0
DA:65,0
DA:66,0
DA:67,0
DA:68,0
DA:69,0
DA:72,0
DA:73,0
DA:74,0
DA:75,0
DA:80,0
DA:81,0
DA:82,0
DA:83,0
DA:85,0
DA:86,0
DA:91,0
DA:92,0
DA:93,0
DA:94,0
DA:95,0
DA:96,0
DA:97,0
DA:98,0
DA:99,0
DA:100,0
DA:101,0
DA:102,0
DA:103,0
DA:104,0
DA:105,0
DA:108,0
DA:109,0
DA:110,0
DA:111,0
DA:114,0
DA:115,0
DA:116,0
DA:119,0
DA:120,0
DA:121,0
DA:122,0
DA:123,0
DA:124,0
DA:125,0
DA:126,0
DA:135,0
DA:136,0
DA:139,0
DA:140,0
DA:141,0
DA:143,0
DA:144,0
DA:145,0
DA:147,0
DA:148,0
DA:152,0
DA:153,0
DA:156,0
DA:158,0
DA:163,0
DA:164,0
DA:165,0
DA:173,0
DA:174,0
DA:175,0
DA:176,0
DA:177,0
DA:178,0
DA:179,0
DA:196,0
DA:197,0
DA:198,0
LF:108
LH:0
end_of_record
SF:lib\features\auth\presentation\pages\widgets\inner_shadow_container.dart
DA:56,3
DA:73,3
DA:75,3
DA:76,1
DA:77,1
DA:78,1
DA:80,3
DA:81,3
DA:82,3
DA:83,3
DA:84,3
DA:85,3
DA:86,3
DA:87,3
DA:88,6
DA:90,3
DA:93,2
DA:94,2
DA:95,2
DA:96,4
DA:97,2
DA:98,2
DA:99,2
DA:100,2
DA:101,2
DA:102,2
DA:103,2
DA:104,2
DA:105,2
DA:106,2
DA:128,2
DA:139,2
DA:141,2
DA:142,4
DA:143,6
DA:145,2
DA:146,6
DA:148,2
DA:149,4
DA:150,16
DA:152,2
DA:153,2
DA:154,2
DA:156,4
DA:158,2
DA:159,2
DA:160,2
DA:161,2
DA:162,2
DA:165,2
DA:168,2
DA:169,2
DA:170,16
DA:171,18
DA:173,2
DA:176,0
LF:56
LH:55
end_of_record
SF:lib\features\auth\presentation\pages\register_page.dart
DA:13,7
DA:15,1
DA:16,1
DA:23,1
DA:25,1
DA:26,3
DA:27,1
DA:28,2
DA:32,1
DA:33,4
DA:35,1
DA:36,1
DA:37,1
DA:44,1
DA:46,1
DA:47,2
DA:48,3
DA:49,3
DA:51,1
DA:54,0
DA:55,1
DA:56,1
DA:57,1
DA:58,1
DA:59,1
DA:60,2
DA:61,1
DA:62,1
DA:63,1
DA:64,0
DA:68,1
DA:74,1
DA:75,1
DA:80,1
DA:81,1
DA:83,1
DA:84,1
DA:85,1
DA:86,3
DA:87,1
DA:88,3
DA:89,1
DA:90,3
DA:91,1
DA:92,3
DA:93,1
DA:94,1
DA:95,1
DA:96,1
DA:97,1
DA:98,1
DA:99,1
DA:100,1
DA:113,1
DA:114,1
DA:115,2
DA:116,3
DA:117,3
DA:118,3
DA:120,1
DA:121,1
DA:123,1
DA:125,0
DA:128,1
DA:129,1
DA:130,1
DA:132,1
DA:133,2
DA:134,1
DA:135,1
DA:136,1
DA:137,1
DA:138,2
DA:140,1
DA:141,1
DA:142,1
DA:143,2
DA:144,1
DA:145,1
DA:146,1
DA:148,1
DA:150,1
DA:151,1
DA:152,2
DA:153,3
DA:154,1
DA:158,1
DA:159,2
DA:160,3
DA:161,1
DA:165,1
DA:166,2
DA:167,3
DA:168,1
DA:174,1
DA:176,2
DA:177,1
DA:178,3
DA:180,1
DA:181,3
DA:183,1
DA:185,1
DA:204,1
DA:205,1
DA:206,1
DA:208,1
DA:209,1
DA:210,2
DA:211,1
DA:214,1
DA:223,1
DA:224,1
DA:225,1
DA:227,1
DA:228,1
DA:229,1
DA:230,1
DA:233,1
DA:242,1
DA:243,1
DA:244,1
DA:246,1
DA:247,1
DA:248,1
DA:249,1
DA:252,1
DA:261,1
DA:262,1
DA:265,1
DA:274,1
DA:275,1
DA:278,1
DA:280,0
DA:281,0
DA:282,0
DA:283,0
DA:285,0
DA:286,0
DA:290,3
DA:294,1
DA:295,1
DA:298,1
DA:300,0
DA:301,0
DA:302,0
DA:303,0
DA:305,0
DA:306,0
DA:310,3
DA:314,1
DA:315,1
DA:318,1
DA:320,0
DA:321,0
DA:322,0
DA:323,0
DA:325,0
DA:326,0
DA:330,3
DA:334,1
DA:335,1
DA:338,1
DA:340,0
DA:341,0
DA:342,0
DA:343,0
DA:345,0
DA:346,0
DA:350,3
DA:354,1
DA:355,1
DA:357,1
DA:359,1
DA:360,1
DA:361,1
DA:362,1
DA:365,3
DA:374,1
DA:375,1
DA:376,2
DA:378,1
DA:379,3
DA:380,0
DA:381,0
DA:382,0
DA:383,0
DA:384,0
DA:385,0
DA:387,0
DA:388,0
DA:393,1
DA:395,1
DA:396,0
DA:398,0
DA:404,1
DA:405,2
DA:406,3
DA:407,0
DA:410,0
DA:411,0
DA:414,1
DA:415,1
DA:416,1
DA:419,2
DA:427,1
DA:428,1
DA:429,2
DA:431,1
DA:432,3
DA:433,0
DA:434,0
DA:435,0
DA:440,0
DA:442,0
DA:444,0
DA:447,2
DA:450,1
DA:451,2
DA:452,3
DA:453,0
DA:456,0
DA:457,0
DA:460,1
DA:462,1
DA:463,1
DA:469,1
DA:470,1
DA:471,1
DA:474,3
DA:484,1
DA:485,1
DA:487,1
DA:489,1
DA:490,1
DA:491,3
DA:492,1
DA:494,1
DA:495,1
DA:496,1
DA:498,3
DA:503,3
DA:509,1
DA:510,1
DA:512,1
DA:514,1
DA:515,1
DA:516,1
DA:517,1
DA:519,3
DA:523,1
DA:524,1
DA:525,0
DA:526,0
DA:527,0
DA:532,1
DA:533,1
DA:534,1
DA:537,1
LF:258
LH:206
end_of_record
SF:lib\features\auth\presentation\pages\widgets\text_filed.dart
DA:6,2
DA:30,2
DA:32,2
DA:33,2
DA:34,2
DA:37,2
DA:38,2
DA:41,2
DA:43,2
DA:44,2
DA:45,2
DA:46,2
DA:51,2
DA:52,2
DA:53,2
DA:54,2
DA:57,2
DA:59,2
DA:62,2
DA:64,2
DA:65,4
DA:68,2
DA:69,4
DA:72,2
DA:73,4
DA:76,2
DA:77,4
DA:80,2
DA:83,2
DA:90,2
DA:91,2
LF:31
LH:31
end_of_record
SF:lib\shared\change_lang.dart
DA:8,18
DA:10,2
DA:12,4
DA:14,0
DA:15,0
DA:16,0
DA:17,0
DA:19,0
DA:20,0
DA:22,0
DA:23,0
DA:24,0
DA:30,0
DA:32,0
DA:33,0
DA:34,0
DA:40,0
DA:42,0
DA:43,0
DA:44,0
DA:51,0
DA:54,0
DA:55,0
DA:58,0
DA:59,0
DA:60,0
DA:63,0
DA:65,0
DA:68,0
LF:29
LH:3
end_of_record
SF:lib\features\get_alert_by_id\domain\entities\assign_team.dart
DA:6,0
LF:1
LH:0
end_of_record
SF:lib\features\get_alert_by_id\domain\entities\generate_pdf_entity.dart
DA:6,0
LF:1
LH:0
end_of_record
SF:lib\features\get_alert_by_id\domain\entities\get_alert-by_id.dart
DA:10,1
DA:50,1
DA:86,1
DA:102,1
DA:120,1
DA:155,1
DA:185,0
DA:193,0
DA:206,0
LF:9
LH:6
end_of_record
SF:lib\features\get_alert_by_id\domain\entities\team_finish_processing.dart
DA:5,0
LF:1
LH:0
end_of_record
SF:lib\features\get_alert_by_id\domain\entities\teams.dart
DA:9,0
DA:32,1
LF:2
LH:1
end_of_record
SF:lib\features\get_alert_by_id\domain\entities\update_by_admin.dart
DA:6,0
DA:18,0
LF:2
LH:0
end_of_record
SF:lib\features\get_alert_by_id\domain\entities\update_by_team_member.dart
DA:7,0
LF:1
LH:0
end_of_record
SF:lib\features\get_alert_by_id\domain\entities\update_by_team_member_response.dart
DA:6,0
LF:1
LH:0
end_of_record
SF:lib\features\get_alert_by_id\domain\entities\visited_by_admin.dart
DA:5,0
DA:15,0
LF:2
LH:0
end_of_record
SF:lib\features\get_alert_by_id\domain\entities\visited_by_team_member.dart
DA:5,0
DA:15,0
LF:2
LH:0
end_of_record
SF:lib\features\get_alert_by_id\domain\usecase\assign_team_usecase.dart
DA:8,0
DA:10,0
DA:15,0
LF:3
LH:0
end_of_record
SF:lib\features\get_alert_by_id\domain\usecase\generate_pdf_usecase.dart
DA:8,0
DA:10,0
DA:11,0
DA:12,0
DA:14,0
LF:5
LH:0
end_of_record
SF:lib\features\get_alert_by_id\domain\usecase\get_alert_by_id_usecase.dart
DA:10,0
DA:12,0
DA:13,0
LF:3
LH:0
end_of_record
SF:lib\features\get_alert_by_id\domain\usecase\get_team_by_alert_type.dart
DA:9,0
DA:11,0
DA:12,0
LF:3
LH:0
end_of_record
SF:lib\features\get_alert_by_id\domain\usecase\team_finish_processing.dart
DA:7,0
DA:9,0
DA:15,0
LF:3
LH:0
end_of_record
SF:lib\features\get_alert_by_id\domain\usecase\update_by_admin.dart
DA:7,0
DA:9,0
DA:10,0
LF:3
LH:0
end_of_record
SF:lib\features\get_alert_by_id\domain\usecase\update_by_team_member.dart
DA:8,0
DA:10,0
DA:11,0
LF:3
LH:0
end_of_record
SF:lib\features\get_alert_by_id\domain\usecase\visited_by_admin_usecase.dart
DA:7,0
DA:9,0
DA:10,0
LF:3
LH:0
end_of_record
SF:lib\features\get_alert_by_id\domain\usecase\visited_by_team_member_usecase.dart
DA:7,0
DA:9,0
DA:12,0
LF:3
LH:0
end_of_record
SF:lib\features\get_alert_by_id\presentation\controller\generate_pdf_controller.dart
DA:13,0
DA:19,0
DA:20,0
DA:21,0
DA:23,0
DA:24,0
DA:26,0
DA:27,0
DA:28,0
DA:32,0
DA:33,0
DA:34,0
DA:37,0
DA:38,0
DA:39,0
DA:41,0
DA:42,0
DA:43,0
DA:45,0
DA:46,0
DA:47,0
DA:48,0
DA:49,0
DA:52,0
DA:53,0
DA:56,0
DA:59,0
DA:60,0
DA:61,0
DA:62,0
DA:63,0
DA:64,0
DA:70,0
DA:72,0
DA:74,0
DA:75,0
DA:76,0
DA:80,0
DA:83,0
DA:85,0
DA:86,0
DA:88,0
DA:89,0
DA:91,0
DA:92,0
DA:95,0
DA:96,0
DA:97,0
LF:48
LH:0
end_of_record
SF:lib\features\get_alert_by_id\presentation\controller\get_alert_by_id_controller.dart
DA:19,0
DA:38,0
DA:39,0
DA:44,0
DA:45,0
DA:46,0
DA:48,0
DA:52,0
DA:54,0
DA:56,0
DA:57,0
DA:62,0
DA:64,0
DA:65,0
DA:70,0
DA:73,0
DA:75,0
DA:77,0
DA:78,0
DA:83,0
DA:86,0
DA:87,0
DA:89,0
DA:90,0
DA:96,0
DA:97,0
DA:98,0
DA:100,0
DA:101,0
DA:103,0
DA:104,0
DA:105,0
DA:108,0
DA:111,0
DA:112,0
DA:113,0
DA:114,0
DA:115,0
DA:117,0
DA:118,0
DA:120,0
DA:121,0
DA:123,0
DA:124,0
DA:125,0
DA:126,0
DA:127,0
DA:134,0
DA:135,0
DA:136,0
DA:140,0
DA:141,0
DA:142,0
DA:143,0
DA:149,0
DA:153,0
DA:155,0
DA:156,0
DA:157,0
DA:158,0
DA:159,0
DA:160,0
DA:161,0
DA:162,0
DA:163,0
DA:164,0
DA:165,0
DA:166,0
DA:167,0
DA:168,0
DA:174,0
DA:176,0
DA:177,0
DA:178,0
DA:179,0
DA:180,0
DA:181,0
DA:183,0
DA:186,0
DA:187,0
DA:189,0
DA:192,0
DA:193,0
DA:195,0
DA:198,0
DA:199,0
DA:201,0
DA:204,0
DA:205,0
DA:207,0
DA:215,0
DA:217,0
DA:218,0
DA:219,0
DA:220,0
DA:221,0
DA:222,0
DA:223,0
DA:224,0
DA:230,0
DA:235,0
DA:236,0
DA:238,0
DA:244,0
DA:246,0
DA:247,0
DA:248,0
DA:249,0
DA:250,0
DA:258,0
DA:259,0
DA:260,0
DA:261,0
DA:272,0
DA:273,0
LF:115
LH:0
end_of_record
SF:lib\features\get_alert_by_id\presentation\controller\team_finish_processing_controller.dart
DA:10,0
DA:18,0
DA:20,0
DA:21,0
DA:23,0
DA:24,0
DA:32,0
DA:33,0
DA:36,0
DA:41,0
DA:42,0
DA:45,0
DA:47,0
DA:48,0
DA:51,0
DA:52,0
DA:53,0
DA:56,0
DA:59,0
DA:63,0
DA:64,0
DA:70,0
DA:71,0
DA:74,0
DA:75,0
DA:76,0
DA:77,0
DA:78,0
DA:84,0
DA:87,0
DA:88,0
DA:89,0
DA:92,0
DA:96,0
DA:98,0
DA:99,0
DA:102,0
DA:103,0
DA:105,0
DA:109,0
DA:110,0
DA:112,0
LF:42
LH:0
end_of_record
SF:lib\features\get_alert_by_id\presentation\controller\update_by_admin_controller.dart
DA:9,0
DA:15,0
DA:21,0
DA:22,0
DA:24,0
DA:30,0
DA:32,0
DA:33,0
DA:34,0
DA:40,0
DA:43,0
DA:44,0
DA:45,0
DA:46,0
DA:53,0
DA:57,0
DA:58,0
DA:59,0
DA:65,0
DA:67,0
DA:68,0
LF:21
LH:0
end_of_record
SF:lib\features\get_alert_by_id\presentation\controller\update_by_team_member-controller.dart
DA:9,0
DA:15,0
DA:21,0
DA:22,0
DA:24,0
DA:30,0
DA:32,0
DA:33,0
DA:34,0
DA:40,0
DA:43,0
DA:44,0
DA:45,0
DA:46,0
DA:53,0
DA:57,0
DA:58,0
DA:59,0
DA:65,0
DA:67,0
DA:68,0
LF:21
LH:0
end_of_record
SF:lib\features\get_alert_by_id\presentation\controller\visited_by_admin_controller.dart
DA:9,0
DA:14,0
DA:19,0
DA:20,0
DA:21,0
DA:23,0
DA:25,0
DA:37,0
DA:47,0
LF:9
LH:0
end_of_record
SF:lib\features\get_alert_by_id\presentation\controller\visited_team_member_controller.dart
DA:9,0
DA:14,0
DA:19,0
DA:20,0
DA:22,0
DA:27,0
DA:39,0
DA:49,0
LF:8
LH:0
end_of_record
SF:lib\features\get_alert_by_id\presentation\pages\get_alert_detail.dart
DA:35,0
DA:37,0
DA:38,0
DA:45,0
DA:46,0
DA:47,0
DA:48,0
DA:50,0
DA:51,0
DA:52,0
DA:53,0
DA:54,0
DA:55,0
DA:57,0
DA:58,0
DA:59,0
DA:61,0
DA:62,0
DA:63,0
DA:64,0
DA:65,0
DA:66,0
DA:67,0
DA:71,0
DA:72,0
DA:73,0
DA:74,0
DA:76,0
DA:77,0
DA:78,0
DA:79,0
DA:84,0
DA:85,0
DA:94,0
DA:95,0
DA:105,0
DA:106,0
DA:107,0
DA:109,0
DA:113,0
DA:115,0
DA:116,0
DA:124,0
DA:126,0
DA:127,0
DA:128,0
DA:133,0
DA:134,0
DA:136,0
DA:137,0
DA:138,0
DA:139,0
DA:140,0
DA:141,0
DA:145,0
DA:146,0
DA:148,0
DA:149,0
DA:152,0
DA:153,0
DA:156,0
DA:157,0
DA:161,0
DA:163,0
DA:164,0
DA:167,0
DA:168,0
DA:169,0
DA:173,0
DA:174,0
DA:175,0
DA:178,0
DA:183,0
DA:184,0
DA:188,0
DA:190,0
DA:191,0
DA:192,0
DA:193,0
DA:197,0
DA:198,0
DA:199,0
DA:201,0
DA:202,0
DA:204,0
DA:205,0
DA:210,0
DA:211,0
DA:212,0
DA:219,0
DA:220,0
DA:223,0
DA:224,0
DA:226,0
DA:227,0
DA:228,0
DA:230,0
DA:232,0
DA:234,0
DA:235,0
DA:236,0
DA:237,0
DA:238,0
DA:239,0
DA:240,0
DA:241,0
DA:242,0
DA:243,0
DA:244,0
DA:245,0
DA:247,0
DA:248,0
DA:249,0
DA:251,0
DA:252,0
DA:253,0
DA:255,0
DA:256,0
DA:258,0
DA:259,0
DA:260,0
DA:261,0
DA:262,0
DA:263,0
DA:264,0
DA:265,0
DA:266,0
DA:267,0
DA:276,0
DA:277,0
DA:278,0
DA:280,0
DA:281,0
DA:285,0
DA:286,0
DA:287,0
DA:288,0
DA:292,0
DA:300,0
DA:304,0
DA:305,0
DA:306,0
DA:310,0
DA:311,0
DA:313,0
DA:314,0
DA:315,0
DA:317,0
DA:319,0
DA:321,0
DA:322,0
DA:323,0
DA:324,0
DA:326,0
DA:327,0
DA:337,0
DA:338,0
DA:341,0
DA:342,0
DA:343,0
DA:344,0
DA:351,0
DA:352,0
DA:353,0
DA:354,0
DA:361,0
DA:363,0
DA:368,0
DA:373,0
DA:375,0
DA:381,0
DA:387,0
DA:389,0
DA:391,0
DA:393,0
DA:394,0
DA:395,0
DA:396,0
DA:398,0
DA:399,0
DA:400,0
DA:403,0
DA:404,0
DA:405,0
DA:406,0
DA:409,0
DA:410,0
DA:411,0
DA:414,0
DA:417,0
DA:419,0
DA:423,0
DA:426,0
DA:448,0
DA:450,0
DA:451,0
DA:456,0
DA:457,0
DA:459,0
DA:461,0
DA:464,0
DA:465,0
DA:468,0
DA:469,0
DA:473,0
DA:474,0
DA:479,0
DA:480,0
DA:485,0
DA:491,0
DA:500,0
DA:501,0
DA:511,0
DA:513,0
DA:516,0
DA:517,0
DA:518,0
DA:519,0
DA:520,0
DA:523,0
DA:524,0
DA:525,0
DA:531,0
DA:532,0
DA:533,0
DA:534,0
DA:535,0
DA:554,0
DA:555,0
DA:556,0
DA:558,0
DA:562,0
DA:563,0
DA:566,0
DA:567,0
DA:569,0
DA:570,0
DA:571,0
DA:573,0
DA:575,0
DA:577,0
DA:578,0
DA:579,0
DA:580,0
DA:582,0
DA:585,0
DA:586,0
DA:595,0
DA:596,0
DA:598,0
DA:599,0
DA:600,0
DA:601,0
DA:605,0
DA:607,0
DA:608,0
DA:612,0
DA:613,0
DA:615,0
DA:616,0
DA:618,0
DA:619,0
DA:620,0
DA:621,0
DA:622,0
DA:623,0
DA:626,0
DA:627,0
DA:630,0
DA:631,0
DA:633,0
DA:634,0
DA:635,0
DA:639,0
DA:643,0
DA:644,0
DA:647,0
DA:656,0
DA:657,0
DA:672,0
DA:673,0
DA:675,0
DA:676,0
DA:677,0
DA:679,0
DA:681,0
DA:682,0
DA:683,0
DA:684,0
DA:688,0
DA:689,0
DA:692,0
DA:693,0
DA:694,0
DA:698,0
DA:699,0
DA:701,0
DA:702,0
DA:703,0
DA:704,0
DA:705,0
DA:706,0
DA:708,0
DA:709,0
DA:710,0
DA:711,0
DA:712,0
DA:717,0
DA:718,0
DA:719,0
DA:720,0
DA:721,0
DA:732,0
DA:733,0
DA:735,0
DA:736,0
DA:737,0
DA:738,0
DA:739,0
DA:740,0
DA:741,0
DA:742,0
DA:747,0
DA:748,0
DA:752,0
DA:753,0
DA:756,0
DA:757,0
DA:760,0
DA:769,0
DA:770,0
DA:772,0
DA:773,0
DA:774,0
DA:776,0
DA:778,0
DA:780,0
DA:781,0
DA:782,0
DA:786,0
DA:788,0
DA:789,0
DA:790,0
DA:791,0
DA:792,0
DA:793,0
DA:794,0
DA:798,0
DA:799,0
DA:800,0
DA:801,0
DA:807,0
DA:808,0
DA:817,0
DA:818,0
DA:820,0
DA:821,0
DA:822,0
DA:824,0
DA:826,0
DA:828,0
DA:829,0
DA:830,0
DA:834,0
DA:835,0
DA:836,0
DA:837,0
DA:839,0
DA:840,0
DA:841,0
DA:842,0
DA:843,0
DA:845,0
DA:846,0
DA:847,0
DA:848,0
DA:850,0
DA:851,0
DA:852,0
DA:854,0
DA:855,0
DA:856,0
DA:864,0
DA:865,0
DA:867,0
DA:868,0
DA:869,0
DA:871,0
DA:873,0
DA:875,0
DA:876,0
DA:877,0
DA:881,0
DA:882,0
DA:889,0
DA:890,0
DA:892,0
DA:893,0
DA:894,0
DA:896,0
DA:898,0
DA:900,0
DA:901,0
DA:902,0
DA:908,0
DA:910,0
DA:911,0
DA:912,0
DA:914,0
DA:915,0
DA:916,0
DA:917,0
DA:918,0
DA:922,0
DA:923,0
DA:924,0
DA:925,0
DA:926,0
DA:927,0
DA:934,0
DA:935,0
DA:936,0
DA:944,0
DA:945,0
DA:946,0
DA:948,0
DA:949,0
DA:950,0
DA:952,0
DA:953,0
DA:954,0
DA:955,0
DA:956,0
DA:957,0
DA:958,0
DA:960,0
DA:961,0
DA:962,0
DA:963,0
DA:965,0
DA:966,0
DA:967,0
DA:968,0
DA:970,0
DA:971,0
DA:972,0
DA:981,0
DA:982,0
DA:984,0
DA:985,0
DA:986,0
DA:988,0
DA:990,0
DA:992,0
DA:993,0
DA:994,0
DA:998,0
DA:1000,0
DA:1002,0
DA:1003,0
DA:1004,0
DA:1006,0
DA:1007,0
DA:1008,0
DA:1011,0
DA:1012,0
DA:1013,0
DA:1015,0
DA:1016,0
DA:1017,0
DA:1018,0
DA:1020,0
DA:1021,0
DA:1022,0
DA:1028,0
DA:1030,0
DA:1031,0
DA:1051,0
DA:1053,0
DA:1054,0
DA:1056,0
DA:1057,0
DA:1058,0
DA:1060,0
DA:1062,0
DA:1064,0
DA:1065,0
DA:1066,0
DA:1070,0
DA:1071,0
DA:1072,0
DA:1073,0
DA:1074,0
DA:1075,0
DA:1076,0
DA:1078,0
DA:1079,0
DA:1080,0
DA:1087,0
DA:1089,0
DA:1090,0
DA:1097,0
DA:1098,0
DA:1100,0
DA:1101,0
DA:1112,0
DA:1113,0
DA:1117,0
DA:1118,0
DA:1119,0
DA:1120,0
DA:1124,0
DA:1125,0
DA:1126,0
DA:1129,0
DA:1135,0
DA:1137,0
DA:1138,0
DA:1139,0
DA:1142,0
DA:1145,0
DA:1146,0
DA:1147,0
DA:1148,0
DA:1150,0
DA:1152,0
DA:1155,0
DA:1156,0
DA:1157,0
DA:1161,0
DA:1162,0
DA:1167,0
DA:1171,0
DA:1173,0
DA:1177,0
DA:1178,0
DA:1181,0
DA:1197,0
DA:1198,0
DA:1208,0
DA:1210,0
DA:1213,0
DA:1214,0
DA:1215,0
DA:1216,0
DA:1218,0
DA:1219,0
DA:1220,0
DA:1222,0
DA:1223,0
DA:1224,0
DA:1225,0
DA:1226,0
DA:1242,0
DA:1243,0
DA:1245,0
DA:1247,0
DA:1248,0
DA:1250,0
DA:1258,0
DA:1264,0
DA:1266,0
DA:1267,0
DA:1273,0
DA:1274,0
DA:1275,0
DA:1277,0
DA:1278,0
DA:1279,0
DA:1280,0
DA:1281,0
DA:1283,0
DA:1284,0
DA:1287,0
DA:1298,0
DA:1301,0
DA:1302,0
DA:1304,0
DA:1313,0
DA:1317,0
DA:1319,0
DA:1320,0
DA:1321,0
DA:1322,0
DA:1324,0
DA:1325,0
DA:1326,0
DA:1327,0
DA:1330,0
DA:1332,0
DA:1333,0
DA:1334,0
DA:1335,0
DA:1344,0
DA:1345,0
DA:1347,0
DA:1351,0
DA:1352,0
DA:1353,0
DA:1354,0
DA:1355,0
DA:1356,0
DA:1358,0
DA:1359,0
DA:1364,0
DA:1365,0
DA:1372,0
DA:1373,0
DA:1374,0
DA:1375,0
DA:1376,0
DA:1377,0
DA:1378,0
DA:1379,0
DA:1381,0
DA:1382,0
DA:1383,0
DA:1386,0
DA:1387,0
DA:1390,0
DA:1391,0
DA:1394,0
DA:1395,0
DA:1402,0
DA:1403,0
DA:1416,0
DA:1417,0
DA:1419,0
DA:1420,0
DA:1421,0
DA:1423,0
DA:1425,0
DA:1427,0
DA:1428,0
DA:1429,0
DA:1430,0
DA:1432,0
DA:1433,0
DA:1442,0
DA:1444,0
DA:1446,0
DA:1447,0
DA:1448,0
DA:1450,0
DA:1451,0
DA:1452,0
DA:1455,0
DA:1456,0
DA:1457,0
DA:1458,0
DA:1462,0
DA:1463,0
DA:1464,0
DA:1465,0
DA:1467,0
DA:1468,0
DA:1469,0
DA:1470,0
DA:1472,0
DA:1473,0
DA:1479,0
DA:1480,0
DA:1489,0
DA:1491,0
DA:1492,0
DA:1493,0
DA:1494,0
DA:1496,0
DA:1499,0
DA:1501,0
DA:1504,0
LF:671
LH:0
end_of_record
SF:lib\features\home\domain\usecase\team_start_processing.dart
DA:7,0
DA:9,0
DA:10,0
LF:3
LH:0
end_of_record
SF:lib\features\home\presentation\controller\admin_close_alert_controller.dart
DA:10,0
DA:14,0
DA:16,0
DA:18,0
DA:20,0
DA:22,0
DA:23,0
DA:24,0
DA:25,0
DA:31,0
DA:32,0
DA:33,0
DA:34,0
DA:39,0
DA:40,0
DA:44,0
LF:16
LH:0
end_of_record
SF:lib\features\home\presentation\controller\team_start_processing_controller.dart
DA:9,0
DA:14,0
DA:19,0
DA:20,0
DA:22,0
DA:27,0
DA:29,0
DA:30,0
DA:31,0
DA:39,0
DA:40,0
DA:41,0
DA:42,0
DA:49,0
LF:14
LH:0
end_of_record
SF:lib\features\home\data\datasource\notification_datasource.dart
DA:17,0
DA:19,0
DA:24,0
DA:26,0
DA:27,0
DA:28,0
DA:32,0
DA:33,0
DA:34,0
DA:35,0
DA:37,0
DA:41,0
DA:44,0
DA:45,0
DA:46,0
DA:48,0
LF:16
LH:0
end_of_record
SF:lib\features\home\data\model\notification_model.dart
DA:16,0
DA:30,0
DA:31,0
DA:32,0
DA:33,0
DA:34,0
DA:35,0
DA:36,0
DA:37,0
DA:38,0
DA:39,0
DA:40,0
DA:41,0
DA:42,0
DA:46,0
DA:47,0
DA:48,0
DA:49,0
DA:50,0
DA:51,0
DA:52,0
DA:53,0
DA:54,0
DA:55,0
DA:56,0
DA:57,0
DA:58,0
LF:27
LH:0
end_of_record
SF:lib\features\home\domain\entities\notification_entity.dart
DA:14,0
LF:1
LH:0
end_of_record
SF:lib\features\home\data\repositories\notification_repository_impl.dart
DA:8,0
DA:10,0
DA:16,0
DA:20,0
DA:22,0
DA:26,0
DA:29,0
DA:31,0
LF:8
LH:0
end_of_record
SF:lib\features\home\domain\entities\add_members.dart
DA:6,0
LF:1
LH:0
end_of_record
SF:lib\features\home\domain\entities\admin_close_alert.dart
DA:5,0
LF:1
LH:0
end_of_record
SF:lib\features\home\domain\entities\admin_close_alert_response.dart
DA:5,0
LF:1
LH:0
end_of_record
SF:lib\features\home\domain\entities\assign_role_entity.dart
DA:4,0
LF:1
LH:0
end_of_record
SF:lib\features\home\domain\entities\create_team.dart
DA:9,0
LF:1
LH:0
end_of_record
SF:lib\features\home\domain\entities\get_alert_entity.dart
DA:15,0
LF:1
LH:0
end_of_record
SF:lib\features\home\domain\entities\get_filter_alert.dart
DA:14,1
LF:1
LH:1
end_of_record
SF:lib\features\home\domain\entities\notification_read_entity.dart
DA:5,0
LF:1
LH:0
end_of_record
SF:lib\features\home\domain\entities\team_by_id_response_entity.dart
DA:8,0
LF:1
LH:0
end_of_record
SF:lib\features\home\domain\entities\team_detail_entity.dart
DA:12,0
LF:1
LH:0
end_of_record
SF:lib\features\home\domain\entities\team_member_entity.dart
DA:10,0
LF:1
LH:0
end_of_record
SF:lib\features\home\domain\entities\team_entity.dart
DA:13,0
DA:26,0
DA:27,0
DA:28,0
DA:29,0
DA:30,0
DA:31,0
DA:35,0
DA:37,0
DA:38,0
DA:40,0
LF:11
LH:0
end_of_record
SF:lib\features\home\domain\entities\team_filter_entity.dart
DA:8,1
LF:1
LH:1
end_of_record
SF:lib\features\home\domain\entities\team_start_processing.dart
DA:5,0
DA:14,0
LF:2
LH:0
end_of_record
SF:lib\features\home\domain\entities\user_detail_entity.dart
DA:13,0
DA:26,0
DA:27,0
DA:28,0
DA:29,0
DA:30,0
DA:31,0
DA:32,0
DA:33,0
LF:9
LH:0
end_of_record
SF:lib\features\home\domain\entities\users_entity.dart
DA:10,0
DA:34,1
LF:2
LH:1
end_of_record
SF:lib\features\home\domain\usecase\add_members_usecase.dart
DA:7,0
DA:9,0
DA:10,0
LF:3
LH:0
end_of_record
SF:lib\features\home\domain\usecase\admin_close_alert_usecase.dart
DA:9,0
DA:11,0
DA:12,0
LF:3
LH:0
end_of_record
SF:lib\features\home\domain\usecase\assign_role_usecase.dart
DA:8,0
DA:10,0
DA:14,0
LF:3
LH:0
end_of_record
SF:lib\features\home\domain\usecase\create_team_usecase.dart
DA:8,0
DA:10,0
DA:11,0
LF:3
LH:0
end_of_record
SF:lib\features\home\domain\usecase\delete_notification_usecase.dart
DA:7,0
DA:9,0
DA:10,0
LF:3
LH:0
end_of_record
SF:lib\features\home\domain\usecase\get_alert_usecase.dart
DA:10,0
DA:12,0
DA:13,0
LF:3
LH:0
end_of_record
SF:lib\features\home\domain\usecase\get_team_by_id.dart
DA:8,0
DA:10,0
DA:11,0
LF:3
LH:0
end_of_record
SF:lib\features\home\domain\usecase\get_teams_by_member_id_usecase.dart
DA:7,0
DA:9,0
DA:10,0
LF:3
LH:0
end_of_record
SF:lib\features\home\domain\usecase\notification_read_usecase.dart
DA:10,0
DA:12,0
DA:16,0
DA:27,0
DA:29,0
DA:33,0
DA:44,0
DA:46,0
DA:49,0
LF:9
LH:0
end_of_record
SF:lib\features\home\domain\usecase\notification_usecase.dart
DA:9,0
DA:11,0
DA:15,0
LF:3
LH:0
end_of_record
SF:lib\features\home\domain\usecase\team_usecase.dart
DA:9,0
DA:11,0
DA:12,0
LF:3
LH:0
end_of_record
SF:lib\features\home\domain\usecase\user_detail_ussecase.dart
DA:8,0
DA:10,0
DA:14,0
LF:3
LH:0
end_of_record
SF:lib\features\home\domain\usecase\users_usecase.dart
DA:10,0
DA:12,0
DA:13,0
LF:3
LH:0
end_of_record
SF:lib\features\home\presentation\controller\get_alert_controller.dart
DA:10,1
DA:29,0
DA:30,0
DA:31,0
DA:32,0
DA:33,0
DA:34,0
DA:35,0
DA:36,0
DA:37,0
DA:40,0
DA:41,0
DA:42,0
DA:43,0
DA:44,0
DA:45,0
DA:47,1
DA:49,1
DA:50,1
DA:53,1
DA:54,1
DA:55,1
DA:56,1
DA:57,2
DA:58,2
DA:59,2
DA:60,2
DA:62,1
DA:63,5
DA:64,2
DA:65,2
DA:66,2
DA:67,2
DA:68,2
DA:69,2
DA:70,2
DA:71,2
DA:72,2
DA:73,2
DA:76,2
DA:78,0
DA:79,0
DA:80,0
DA:81,0
DA:82,0
DA:84,0
DA:85,0
DA:86,0
DA:90,0
DA:93,1
DA:94,2
DA:95,2
DA:96,1
DA:99,0
DA:100,0
DA:101,0
DA:102,0
DA:105,0
DA:106,0
DA:107,0
DA:108,0
DA:111,0
DA:112,0
DA:113,0
DA:114,0
DA:117,0
DA:118,0
DA:119,0
DA:120,0
DA:123,0
DA:124,0
DA:125,0
DA:126,0
DA:127,0
DA:130,0
DA:131,0
DA:132,0
DA:133,0
DA:134,0
DA:137,0
DA:138,0
DA:139,0
DA:142,0
DA:143,0
DA:144,0
DA:145,0
DA:149,1
DA:150,2
DA:151,2
DA:152,2
DA:153,3
DA:154,2
DA:155,2
DA:156,2
DA:157,2
DA:158,1
DA:161,0
DA:162,0
DA:163,0
DA:166,0
DA:167,0
DA:168,0
DA:169,0
DA:171,0
DA:174,0
DA:175,0
DA:176,0
DA:177,0
DA:179,0
LF:109
LH:39
end_of_record
SF:lib\features\home\presentation\controller\create_team_controller.dart
DA:14,0
DA:31,0
DA:32,0
DA:35,0
DA:36,0
DA:38,0
DA:39,0
DA:41,0
DA:42,0
DA:45,0
DA:46,0
DA:47,0
DA:51,0
DA:54,0
DA:55,0
DA:57,0
DA:58,0
DA:59,0
DA:60,0
DA:61,0
DA:62,0
DA:63,0
DA:66,0
DA:68,0
DA:69,0
DA:70,0
DA:71,0
DA:72,0
DA:74,0
DA:77,0
DA:78,0
DA:79,0
DA:80,0
DA:81,0
DA:84,0
DA:87,0
DA:88,0
DA:89,0
DA:91,0
DA:93,0
DA:97,0
DA:98,0
DA:99,0
DA:101,0
DA:105,0
DA:106,0
DA:107,0
DA:110,0
DA:111,0
DA:117,0
DA:118,0
DA:119,0
DA:120,0
DA:121,0
DA:122,0
DA:123,0
DA:124,0
DA:125,0
DA:126,0
DA:129,0
DA:131,0
DA:132,0
DA:133,0
LF:63
LH:0
end_of_record
SF:lib\features\home\presentation\controller\get_teams_by_member_id_controller.dart
DA:9,0
DA:16,0
DA:17,0
DA:18,0
DA:20,0
DA:21,0
DA:22,0
DA:25,0
DA:26,0
DA:29,0
DA:30,0
DA:33,0
DA:34,0
DA:35,0
DA:37,0
DA:38,0
DA:40,0
DA:41,0
DA:43,0
DA:45,0
DA:49,0
DA:50,0
DA:51,0
LF:23
LH:0
end_of_record
SF:lib\features\home\presentation\controller\notification_controller.dart
DA:23,0
DA:25,0
DA:26,0
DA:29,0
DA:30,0
DA:31,0
DA:32,0
DA:33,0
DA:36,0
DA:38,0
DA:39,0
DA:41,0
DA:43,0
DA:44,0
DA:45,0
DA:46,0
DA:47,0
DA:53,0
DA:54,0
DA:55,0
DA:57,0
DA:61,0
DA:65,0
DA:67,0
DA:68,0
DA:69,0
DA:71,0
DA:76,0
DA:78,0
DA:79,0
DA:80,0
DA:82,0
DA:86,0
DA:87,0
DA:88,0
DA:91,0
DA:92,0
DA:93,0
DA:96,0
DA:101,0
DA:102,0
DA:104,0
DA:105,0
DA:107,0
DA:109,0
DA:110,0
DA:111,0
DA:114,0
DA:115,0
LF:49
LH:0
end_of_record
SF:lib\features\home\presentation\controller\notification_read_controller.dart
DA:9,0
DA:23,0
DA:24,0
DA:25,0
DA:28,0
DA:33,0
DA:34,0
DA:36,0
DA:41,0
DA:42,0
DA:46,0
DA:51,0
DA:55,0
DA:59,0
DA:64,0
DA:65,0
DA:67,0
DA:72,0
DA:73,0
DA:77,0
DA:82,0
DA:86,0
DA:90,0
DA:92,0
DA:93,0
DA:95,0
DA:97,0
DA:98,0
DA:102,0
DA:107,0
DA:111,0
LF:31
LH:0
end_of_record
SF:lib\features\home\presentation\controller\teams_by_id_controller.dart
DA:8,0
DA:14,0
DA:16,0
DA:17,0
DA:19,0
DA:21,0
DA:22,0
DA:23,0
DA:24,0
DA:26,0
DA:27,0
DA:28,0
DA:32,0
DA:36,0
DA:37,0
DA:38,0
DA:39,0
LF:17
LH:0
end_of_record
SF:lib\features\home\presentation\pages\widgets\get_teams_by_member_id.dart
DA:18,0
DA:23,0
DA:24,0
DA:26,0
DA:27,0
DA:31,0
DA:32,0
DA:34,0
DA:41,0
DA:43,0
DA:44,0
DA:45,0
DA:46,0
DA:48,0
DA:50,0
DA:51,0
DA:52,0
DA:53,0
DA:54,0
DA:58,0
DA:59,0
DA:60,0
DA:61,0
DA:65,0
DA:66,0
DA:67,0
DA:68,0
DA:69,0
DA:70,0
DA:71,0
DA:72,0
DA:73,0
DA:74,0
DA:75,0
DA:76,0
DA:77,0
DA:78,0
DA:79,0
DA:80,0
DA:81,0
DA:82,0
DA:83,0
DA:84,0
DA:85,0
DA:86,0
DA:87,0
DA:88,0
DA:89,0
DA:93,0
DA:95,0
DA:96,0
DA:97,0
DA:99,0
DA:100,0
DA:101,0
DA:103,0
DA:104,0
DA:105,0
DA:106,0
DA:107,0
DA:108,0
DA:109,0
DA:110,0
DA:111,0
DA:112,0
DA:113,0
DA:114,0
DA:115,0
DA:116,0
DA:117,0
DA:122,0
DA:123,0
DA:124,0
DA:126,0
DA:127,0
DA:130,0
DA:133,0
DA:134,0
DA:135,0
DA:140,0
DA:141,0
DA:142,0
DA:143,0
DA:144,0
DA:147,0
DA:154,0
DA:156,0
DA:157,0
DA:158,0
DA:160,0
DA:161,0
DA:162,0
DA:166,0
DA:169,0
DA:170,0
DA:171,0
DA:172,0
DA:173,0
DA:174,0
DA:178,0
DA:179,0
DA:180,0
DA:181,0
DA:183,0
DA:184,0
DA:185,0
DA:186,0
DA:188,0
DA:196,0
DA:198,0
DA:199,0
DA:201,0
DA:202,0
DA:203,0
DA:218,0
DA:219,0
DA:220,0
DA:221,0
DA:223,0
DA:224,0
DA:225,0
DA:226,0
DA:233,0
DA:234,0
DA:235,0
DA:236,0
DA:238,0
DA:245,0
DA:247,0
DA:248,0
DA:249,0
DA:250,0
DA:251,0
DA:255,0
DA:256,0
DA:257,0
DA:258,0
DA:259,0
DA:261,0
DA:263,0
DA:265,0
DA:266,0
DA:267,0
DA:268,0
DA:269,0
DA:271,0
DA:272,0
DA:273,0
DA:276,0
DA:277,0
DA:279,0
DA:283,0
DA:284,0
DA:287,0
DA:288,0
DA:290,0
DA:292,0
DA:293,0
DA:297,0
DA:298,0
DA:301,0
DA:304,0
DA:305,0
DA:311,0
DA:312,0
DA:315,0
DA:316,0
DA:317,0
DA:319,0
DA:322,0
DA:324,0
DA:325,0
DA:329,0
DA:333,0
DA:334,0
DA:335,0
DA:347,0
DA:348,0
DA:349,0
DA:350,0
DA:351,0
DA:353,0
DA:354,0
DA:357,0
DA:359,0
DA:360,0
DA:361,0
DA:365,0
DA:366,0
DA:367,0
DA:368,0
DA:375,0
DA:377,0
DA:378,0
DA:379,0
DA:380,0
DA:382,0
DA:384,0
DA:385,0
DA:401,0
DA:402,0
DA:403,0
DA:404,0
DA:405,0
DA:406,0
DA:407,0
DA:408,0
DA:411,0
DA:412,0
DA:414,0
DA:415,0
DA:421,0
DA:423,0
DA:426,0
DA:427,0
DA:429,0
DA:430,0
DA:431,0
DA:432,0
DA:435,0
DA:436,0
DA:437,0
DA:438,0
DA:441,0
DA:443,0
DA:444,0
DA:445,0
DA:449,0
DA:451,0
DA:454,0
DA:455,0
DA:459,0
DA:469,0
DA:470,0
DA:471,0
DA:472,0
DA:474,0
DA:476,0
DA:477,0
DA:478,0
DA:479,0
DA:481,0
DA:483,0
DA:484,0
DA:486,0
DA:493,0
DA:495,0
DA:496,0
DA:497,0
DA:498,0
DA:501,0
DA:503,0
DA:505,0
DA:507,0
DA:512,0
DA:513,0
DA:515,0
DA:516,0
DA:517,0
DA:518,0
DA:526,0
DA:527,0
DA:528,0
DA:530,0
DA:540,0
DA:543,0
DA:544,0
DA:545,0
DA:546,0
DA:548,0
DA:551,0
DA:552,0
DA:553,0
DA:555,0
DA:558,0
DA:559,0
DA:560,0
DA:562,0
DA:565,0
DA:566,0
DA:567,0
DA:569,0
DA:580,0
DA:581,0
DA:583,0
DA:584,0
DA:585,0
DA:586,0
DA:588,0
DA:590,0
DA:591,0
DA:593,0
DA:595,0
LF:293
LH:0
end_of_record
SF:lib\features\home\presentation\pages\widgets\navifationbar_admin.dart
DA:18,0
DA:32,0
DA:34,0
DA:36,0
DA:39,0
DA:40,0
DA:41,0
DA:42,0
DA:43,0
DA:44,0
DA:46,0
DA:47,0
DA:51,0
DA:52,0
DA:55,0
DA:56,0
DA:59,0
DA:60,0
DA:61,0
DA:62,0
LF:20
LH:0
end_of_record
SF:lib\features\home\presentation\pages\widgets\navigationbar.dart
DA:19,1
DA:29,1
DA:31,3
DA:33,1
DA:36,2
DA:37,1
DA:38,3
DA:39,3
DA:42,1
DA:43,1
DA:44,1
DA:47,1
DA:48,1
DA:49,1
DA:50,2
DA:57,1
DA:58,2
DA:61,1
DA:62,3
DA:65,2
DA:66,1
DA:67,1
DA:68,2
DA:76,1
DA:77,1
DA:83,2
DA:87,2
DA:88,1
DA:89,1
DA:90,2
DA:92,1
DA:93,1
DA:94,1
DA:96,1
DA:97,2
DA:104,1
DA:105,1
DA:106,2
DA:108,1
DA:109,1
DA:110,1
DA:113,1
DA:117,1
DA:118,0
DA:119,1
DA:127,1
DA:128,1
DA:130,1
DA:131,4
DA:136,1
DA:137,1
DA:138,1
DA:139,1
DA:140,1
DA:141,1
DA:142,1
DA:143,1
DA:144,1
DA:146,2
DA:149,1
DA:150,1
DA:152,2
DA:155,1
DA:156,1
DA:158,1
DA:159,2
DA:160,1
DA:161,2
DA:164,1
DA:177,1
DA:178,1
DA:179,1
DA:180,3
DA:181,1
DA:183,1
DA:184,2
DA:185,1
DA:198,1
DA:200,1
DA:201,3
DA:202,1
DA:205,1
DA:206,1
DA:209,1
DA:210,1
DA:211,1
DA:212,1
DA:213,1
DA:222,0
DA:223,0
DA:225,0
DA:226,0
DA:237,0
DA:238,0
DA:239,0
DA:241,0
DA:242,0
DA:245,0
DA:254,0
DA:255,0
DA:256,0
DA:257,0
DA:258,0
DA:260,0
DA:263,0
DA:264,0
DA:266,0
DA:268,0
DA:269,0
DA:270,0
DA:271,0
DA:272,0
DA:273,0
DA:277,0
DA:278,0
DA:279,0
DA:281,0
DA:282,0
DA:283,0
DA:286,0
DA:287,0
DA:291,0
DA:292,0
DA:293,0
DA:295,0
DA:296,0
DA:297,0
DA:306,1
DA:311,1
DA:312,1
DA:313,1
DA:314,0
DA:315,1
DA:316,1
DA:320,1
DA:323,1
DA:324,1
DA:325,1
DA:326,1
DA:327,1
DA:328,1
DA:332,0
DA:335,0
DA:336,0
DA:337,0
DA:345,1
DA:346,1
DA:347,2
DA:349,1
DA:350,1
DA:351,1
DA:354,1
DA:356,0
DA:357,1
DA:360,1
DA:363,1
DA:364,1
DA:365,1
DA:367,1
DA:369,3
DA:370,2
DA:371,1
DA:372,4
DA:373,1
DA:375,1
DA:376,1
DA:377,1
DA:378,1
DA:380,0
DA:381,1
DA:384,1
DA:386,1
DA:387,1
DA:388,1
DA:389,3
DA:396,1
DA:399,1
DA:400,0
DA:401,1
DA:402,1
DA:405,1
DA:426,1
DA:427,1
DA:428,2
DA:429,2
DA:430,2
DA:431,2
DA:434,1
DA:435,0
DA:436,0
DA:437,0
DA:441,2
DA:443,1
DA:444,1
DA:445,1
DA:447,1
DA:448,1
DA:449,1
DA:450,1
DA:451,1
DA:454,1
DA:455,1
DA:457,0
DA:458,2
DA:464,1
DA:466,1
DA:467,2
DA:468,1
DA:469,1
DA:470,1
DA:471,1
DA:472,2
DA:474,0
DA:475,0
DA:476,0
DA:477,0
DA:479,0
DA:481,0
DA:482,0
DA:483,0
DA:484,0
DA:485,0
DA:486,0
DA:494,0
DA:497,1
DA:499,1
DA:500,1
DA:501,5
DA:502,1
DA:503,0
DA:504,0
DA:505,0
DA:506,0
DA:507,0
DA:508,0
DA:509,0
DA:510,0
DA:511,1
DA:516,1
DA:529,1
DA:530,0
DA:532,0
DA:533,0
DA:542,0
DA:543,0
DA:544,0
DA:545,0
DA:548,0
DA:549,0
DA:552,0
DA:553,0
DA:559,1
DA:560,1
DA:561,1
DA:562,3
DA:563,1
DA:565,1
DA:566,2
DA:567,0
DA:568,0
DA:569,0
DA:570,0
DA:571,0
DA:576,0
DA:577,0
DA:582,4
DA:584,1
DA:591,1
DA:593,1
DA:594,4
DA:595,0
DA:596,2
DA:597,1
DA:598,1
DA:599,1
DA:600,1
DA:601,1
DA:602,1
DA:617,1
DA:622,1
DA:623,1
DA:624,1
DA:625,0
DA:626,1
DA:627,1
DA:631,1
DA:634,1
DA:635,1
DA:636,1
DA:637,1
DA:638,1
DA:639,1
DA:643,0
DA:649,0
LF:294
LH:200
end_of_record
SF:lib\features\home\presentation\pages\widgets\navigationbar_service_provider.dart
DA:21,0
DA:34,0
DA:36,0
DA:38,0
DA:40,0
DA:41,0
DA:42,0
DA:43,0
DA:45,0
DA:46,0
DA:47,0
DA:51,0
DA:52,0
DA:55,0
DA:56,0
DA:58,0
DA:59,0
DA:60,0
DA:61,0
LF:19
LH:0
end_of_record
SF:lib\features\home\presentation\pages\widgets\reports.dart
DA:17,1
DA:19,1
DA:20,1
DA:29,1
DA:30,4
DA:33,1
DA:34,4
DA:37,0
DA:38,0
DA:39,0
DA:40,0
DA:41,0
DA:45,0
DA:46,0
DA:47,0
DA:49,0
DA:50,0
DA:54,1
DA:55,1
DA:57,1
DA:63,1
DA:65,3
DA:66,1
DA:67,1
DA:69,1
DA:70,1
DA:71,1
DA:72,1
DA:73,1
DA:74,1
DA:78,0
DA:79,0
DA:80,0
DA:81,0
DA:85,1
DA:86,2
DA:87,2
DA:88,2
DA:89,2
DA:93,1
DA:95,1
DA:96,0
DA:97,0
DA:99,1
DA:100,0
DA:101,1
DA:103,1
DA:105,1
DA:106,1
DA:107,1
DA:108,1
DA:109,2
DA:110,1
DA:111,1
DA:112,1
DA:113,1
DA:115,2
DA:116,0
DA:117,2
DA:118,3
DA:119,1
DA:120,1
DA:121,1
DA:125,0
DA:126,0
DA:127,0
DA:129,0
DA:130,0
DA:133,0
DA:135,0
DA:136,0
DA:137,0
DA:139,0
DA:146,0
DA:147,0
DA:148,0
DA:149,0
DA:150,0
DA:151,0
DA:153,0
DA:158,0
DA:159,0
DA:160,0
DA:169,0
DA:170,0
DA:171,0
DA:173,0
DA:174,0
DA:177,0
DA:179,0
DA:180,0
DA:181,0
DA:182,0
DA:189,0
DA:190,0
DA:191,0
DA:192,0
DA:193,0
DA:194,0
DA:195,0
DA:196,0
DA:198,0
DA:204,0
DA:206,0
DA:207,0
DA:208,0
DA:209,0
DA:210,0
DA:211,0
DA:212,0
DA:213,0
DA:214,0
DA:215,0
DA:217,0
DA:218,0
DA:219,0
DA:230,0
DA:232,0
DA:233,0
DA:234,0
DA:235,0
DA:239,0
DA:240,0
DA:241,0
DA:242,0
DA:246,0
DA:247,0
DA:248,0
DA:249,0
DA:251,0
DA:256,0
DA:257,0
DA:258,0
DA:259,0
DA:261,0
DA:266,0
DA:267,0
DA:268,0
DA:269,0
DA:271,0
DA:276,0
DA:277,0
DA:278,0
DA:279,0
DA:281,0
DA:286,0
DA:287,0
DA:288,0
DA:289,0
DA:291,0
DA:297,0
DA:301,0
DA:303,0
DA:307,0
DA:308,0
DA:314,0
DA:318,0
DA:319,0
DA:320,0
DA:321,0
DA:322,0
DA:324,0
DA:332,0
DA:335,0
DA:336,0
DA:337,0
DA:339,0
DA:345,0
DA:359,0
DA:360,0
DA:362,0
DA:363,0
DA:364,0
DA:365,0
DA:366,0
DA:369,0
DA:371,0
DA:372,0
DA:373,0
DA:374,0
DA:375,0
DA:377,0
DA:379,0
DA:380,0
DA:381,0
DA:387,0
DA:390,0
DA:391,0
DA:392,0
DA:393,0
DA:394,0
DA:397,0
DA:399,0
DA:400,0
DA:401,0
DA:402,0
DA:403,0
DA:408,0
DA:415,0
DA:417,0
DA:418,0
DA:420,0
DA:421,0
DA:422,0
DA:425,0
DA:427,0
DA:428,0
DA:429,0
DA:430,0
DA:431,0
DA:434,0
DA:441,0
DA:443,0
DA:444,0
DA:445,0
DA:448,0
DA:450,0
DA:451,0
DA:452,0
DA:453,0
DA:454,0
DA:456,0
DA:463,0
DA:465,0
DA:466,0
DA:467,0
DA:470,0
DA:472,0
DA:473,0
DA:474,0
DA:475,0
DA:476,0
DA:479,0
DA:486,0
DA:488,0
DA:490,0
DA:494,0
DA:495,0
DA:496,0
DA:497,0
DA:499,0
DA:500,0
DA:501,0
DA:504,0
DA:517,1
DA:523,1
DA:524,2
DA:525,1
DA:526,1
DA:527,0
DA:528,1
DA:529,1
DA:532,1
DA:533,1
DA:535,0
DA:536,1
DA:542,1
DA:544,1
DA:548,0
DA:549,0
DA:551,1
DA:552,1
DA:553,1
DA:554,0
DA:557,2
DA:558,4
DA:559,0
DA:560,0
DA:563,0
DA:565,0
DA:566,0
DA:567,0
DA:571,1
DA:574,0
DA:577,1
DA:578,1
DA:582,0
DA:583,1
DA:592,1
DA:593,1
DA:594,1
DA:595,0
DA:596,1
DA:597,1
DA:598,1
DA:601,1
DA:602,1
DA:604,0
DA:605,1
DA:611,1
DA:612,1
DA:613,1
DA:614,0
DA:615,0
DA:617,1
DA:618,2
DA:619,1
DA:623,1
DA:624,2
DA:625,3
DA:626,0
DA:627,0
DA:629,1
DA:631,1
DA:632,1
DA:633,1
DA:635,1
DA:638,1
DA:639,1
DA:640,1
DA:641,1
DA:644,1
DA:648,2
DA:650,3
DA:651,0
DA:652,3
DA:653,0
DA:654,4
DA:655,0
DA:656,1
DA:657,0
DA:658,0
DA:659,0
DA:663,0
DA:664,0
DA:665,0
DA:669,0
DA:670,0
DA:671,0
DA:680,1
DA:681,3
DA:683,1
DA:685,1
DA:694,1
DA:695,2
DA:697,3
DA:698,1
DA:699,3
DA:701,3
DA:702,0
DA:714,0
DA:715,0
DA:716,0
DA:717,0
DA:718,0
DA:719,0
DA:720,0
DA:723,0
DA:725,0
DA:727,0
DA:728,0
DA:729,0
DA:730,0
DA:731,0
DA:732,0
DA:733,0
DA:734,0
DA:737,0
DA:738,0
DA:739,0
DA:740,0
DA:741,0
DA:742,0
DA:743,0
DA:748,0
DA:751,0
DA:752,0
DA:753,0
DA:754,0
DA:755,0
DA:756,0
DA:759,0
DA:763,0
DA:764,0
DA:765,0
DA:771,0
DA:772,0
DA:773,0
DA:774,0
DA:775,0
DA:777,0
DA:778,0
DA:779,0
DA:783,0
DA:786,0
DA:787,0
DA:788,0
DA:794,0
DA:795,0
DA:796,0
DA:797,0
DA:798,0
DA:799,0
DA:802,0
DA:805,0
DA:806,0
DA:807,0
DA:808,0
DA:809,0
DA:817,0
DA:818,0
DA:819,0
DA:820,0
DA:824,0
DA:825,0
DA:826,0
DA:828,0
DA:829,0
DA:831,0
DA:832,0
DA:834,0
DA:835,0
DA:836,0
DA:837,0
DA:838,0
DA:842,0
DA:846,0
DA:847,0
DA:848,0
DA:849,0
DA:851,0
DA:853,0
DA:854,0
DA:855,0
DA:856,0
DA:857,0
DA:860,0
DA:868,0
DA:869,0
DA:870,0
DA:871,0
DA:875,0
DA:876,0
DA:877,0
DA:879,0
DA:880,0
DA:882,0
DA:883,0
DA:885,0
DA:886,0
DA:887,0
DA:888,0
DA:889,0
DA:893,0
DA:897,0
DA:898,0
DA:899,0
DA:900,0
DA:902,0
DA:904,0
DA:905,0
DA:906,0
DA:907,0
DA:908,0
DA:911,0
DA:919,0
DA:925,0
DA:926,0
DA:927,0
DA:928,0
DA:932,0
DA:933,0
DA:934,0
DA:936,0
DA:937,0
DA:939,0
DA:940,0
DA:941,0
DA:944,0
DA:946,0
DA:947,0
DA:948,0
DA:949,0
DA:951,0
DA:952,0
DA:954,0
DA:955,0
DA:956,0
DA:957,0
DA:959,0
DA:960,0
DA:961,0
DA:965,0
DA:966,0
DA:969,0
DA:975,0
DA:976,0
DA:978,0
DA:979,0
DA:980,0
DA:981,0
DA:983,0
DA:986,0
DA:995,0
DA:996,0
DA:997,0
DA:1001,0
DA:1002,0
DA:1003,0
DA:1005,0
DA:1006,0
DA:1008,0
DA:1009,0
DA:1010,0
DA:1012,0
DA:1013,0
DA:1014,0
DA:1015,0
DA:1016,0
DA:1020,0
DA:1024,0
DA:1025,0
DA:1027,0
DA:1029,0
DA:1030,0
DA:1032,0
DA:1034,0
DA:1035,0
DA:1043,0
DA:1044,0
DA:1045,0
DA:1046,0
DA:1047,0
DA:1048,0
DA:1050,0
DA:1051,0
DA:1052,0
DA:1053,0
DA:1054,0
DA:1056,0
DA:1057,0
DA:1058,0
DA:1059,0
DA:1061,0
DA:1063,0
DA:1064,0
DA:1065,0
DA:1069,0
DA:1070,0
DA:1071,0
DA:1073,0
DA:1074,0
DA:1075,0
DA:1076,0
DA:1078,0
DA:1079,0
DA:1080,0
DA:1089,0
DA:1090,0
DA:1091,0
DA:1092,0
DA:1093,0
DA:1094,0
DA:1095,0
DA:1097,0
DA:1098,0
DA:1102,0
DA:1103,0
DA:1109,0
DA:1110,0
DA:1111,0
DA:1112,0
DA:1113,0
DA:1115,0
DA:1116,0
DA:1117,0
DA:1118,0
DA:1120,0
DA:1122,0
DA:1123,0
DA:1124,0
DA:1127,0
DA:1128,0
DA:1133,0
DA:1137,0
DA:1139,0
DA:1141,0
DA:1142,0
DA:1143,0
DA:1144,0
DA:1145,0
DA:1146,0
DA:1148,0
DA:1149,0
DA:1150,0
DA:1152,0
DA:1160,0
DA:1162,0
DA:1165,0
DA:1166,0
DA:1173,1
DA:1174,1
DA:1175,1
DA:1176,1
DA:1178,1
DA:1179,1
DA:1180,1
DA:1181,1
DA:1187,1
DA:1188,1
DA:1189,2
DA:1190,5
DA:1191,1
DA:1193,1
DA:1200,1
DA:1202,1
DA:1203,1
DA:1204,1
DA:1205,1
DA:1206,1
DA:1210,1
DA:1211,1
DA:1212,1
DA:1213,1
DA:1214,2
DA:1216,3
DA:1218,1
DA:1220,1
DA:1221,1
DA:1222,0
DA:1223,0
DA:1224,0
DA:1226,0
DA:1227,0
DA:1228,0
DA:1231,0
DA:1232,0
DA:1234,0
DA:1238,1
DA:1239,2
DA:1242,1
DA:1243,1
DA:1245,1
DA:1247,3
DA:1248,0
DA:1252,3
DA:1253,0
DA:1256,1
DA:1259,3
DA:1260,0
DA:1266,1
DA:1267,0
DA:1270,0
DA:1271,0
DA:1272,0
DA:1274,0
DA:1277,0
DA:1279,0
DA:1280,0
DA:1284,0
DA:1288,0
DA:1289,0
DA:1290,0
DA:1302,1
DA:1303,1
DA:1304,0
DA:1305,0
DA:1306,0
DA:1308,1
DA:1309,2
DA:1312,1
DA:1314,1
DA:1315,3
DA:1316,1
DA:1320,3
DA:1321,1
DA:1322,1
DA:1323,2
DA:1330,0
DA:1332,1
DA:1333,3
DA:1334,2
DA:1335,0
DA:1337,1
DA:1339,1
DA:1340,3
LF:676
LH:166
end_of_record
SF:lib\features\home\presentation\pages\widgets\teams_screen.dart
DA:14,0
DA:22,0
DA:23,0
DA:26,0
DA:27,0
DA:30,0
DA:31,0
DA:32,0
DA:33,0
DA:34,0
DA:38,0
DA:39,0
DA:41,0
DA:47,0
DA:49,0
DA:50,0
DA:51,0
DA:53,0
DA:54,0
DA:55,0
DA:56,0
DA:57,0
DA:58,0
DA:62,0
DA:63,0
DA:64,0
DA:65,0
DA:69,0
DA:70,0
DA:71,0
DA:72,0
DA:73,0
DA:78,0
DA:80,0
DA:81,0
DA:82,0
DA:84,0
DA:85,0
DA:86,0
DA:88,0
DA:89,0
DA:90,0
DA:91,0
DA:92,0
DA:93,0
DA:94,0
DA:95,0
DA:96,0
DA:97,0
DA:99,0
DA:100,0
DA:101,0
DA:102,0
DA:103,0
DA:104,0
DA:105,0
DA:110,0
DA:111,0
DA:112,0
DA:114,0
DA:115,0
DA:118,0
DA:120,0
DA:121,0
DA:122,0
DA:124,0
DA:131,0
DA:132,0
DA:133,0
DA:134,0
DA:135,0
DA:137,0
DA:142,0
DA:143,0
DA:144,0
DA:154,0
DA:155,0
DA:156,0
DA:158,0
DA:159,0
DA:162,0
DA:164,0
DA:165,0
DA:166,0
DA:167,0
DA:174,0
DA:175,0
DA:176,0
DA:177,0
DA:178,0
DA:180,0
DA:182,0
DA:183,0
DA:184,0
DA:185,0
DA:186,0
DA:187,0
DA:188,0
DA:189,0
DA:191,0
DA:192,0
DA:193,0
DA:204,0
DA:205,0
DA:206,0
DA:210,0
DA:211,0
DA:216,0
DA:220,0
DA:221,0
DA:223,0
DA:224,0
DA:227,0
DA:228,0
DA:231,0
DA:232,0
DA:235,0
DA:241,0
DA:255,0
DA:256,0
DA:257,0
DA:258,0
DA:260,0
DA:261,0
DA:262,0
DA:263,0
DA:264,0
DA:265,0
DA:267,0
DA:269,0
DA:270,0
DA:271,0
DA:277,0
DA:278,0
DA:279,0
DA:282,0
DA:284,0
DA:285,0
DA:288,0
DA:290,0
DA:292,0
DA:296,0
DA:297,0
DA:298,0
DA:300,0
DA:301,0
DA:302,0
DA:303,0
DA:311,0
DA:312,0
DA:313,0
DA:314,0
DA:316,0
DA:320,0
DA:324,0
DA:325,0
DA:326,0
DA:327,0
DA:329,0
DA:332,0
DA:333,0
DA:334,0
DA:335,0
DA:338,0
DA:349,0
DA:350,0
DA:351,0
DA:352,0
DA:353,0
DA:354,0
DA:355,0
DA:358,0
DA:359,0
DA:361,0
DA:362,0
DA:368,0
DA:369,0
DA:370,0
DA:371,0
DA:372,0
DA:374,0
DA:375,0
DA:376,0
DA:380,0
DA:381,0
DA:382,0
DA:383,0
DA:384,0
DA:386,0
DA:388,0
DA:389,0
DA:390,0
DA:392,0
DA:395,0
DA:396,0
DA:397,0
DA:398,0
DA:401,0
DA:405,0
DA:407,0
DA:408,0
DA:409,0
DA:410,0
DA:411,0
DA:412,0
DA:413,0
DA:414,0
DA:415,0
DA:416,0
DA:418,0
DA:419,0
DA:420,0
DA:421,0
DA:425,0
DA:426,0
DA:427,0
DA:431,0
DA:432,0
DA:433,0
DA:442,0
DA:443,0
DA:447,0
DA:449,0
DA:458,0
DA:459,0
DA:461,0
DA:462,0
DA:463,0
DA:465,0
DA:466,0
DA:475,0
DA:481,0
DA:482,0
DA:483,0
DA:484,0
DA:486,0
DA:488,0
DA:489,0
DA:495,0
DA:500,0
DA:501,0
DA:502,0
DA:503,0
DA:504,0
DA:505,0
DA:506,0
DA:507,0
DA:508,0
DA:510,0
DA:511,0
DA:513,0
DA:514,0
DA:520,0
DA:522,0
DA:526,0
DA:527,0
DA:529,0
DA:530,0
DA:531,0
DA:532,0
DA:535,0
DA:536,0
DA:537,0
DA:540,0
DA:542,0
DA:543,0
DA:544,0
DA:547,0
DA:550,0
DA:552,0
DA:553,0
DA:557,0
DA:558,0
DA:567,0
DA:568,0
DA:569,0
DA:570,0
DA:571,0
DA:573,0
DA:575,0
DA:580,0
DA:581,0
DA:585,0
DA:586,0
DA:587,0
DA:588,0
DA:590,0
DA:591,0
DA:592,0
DA:593,0
DA:594,0
DA:595,0
DA:596,0
DA:597,0
DA:598,0
DA:599,0
DA:602,0
DA:604,0
DA:605,0
DA:606,0
DA:607,0
DA:608,0
DA:609,0
DA:610,0
DA:611,0
DA:625,0
DA:626,0
DA:627,0
DA:628,0
DA:630,0
DA:631,0
DA:632,0
DA:633,0
DA:639,0
DA:640,0
DA:641,0
DA:642,0
DA:643,0
DA:645,0
DA:652,0
DA:654,0
DA:655,0
DA:656,0
DA:657,0
DA:658,0
DA:662,0
DA:663,0
DA:664,0
DA:665,0
DA:666,0
DA:668,0
DA:670,0
DA:672,0
DA:673,0
DA:674,0
DA:675,0
DA:676,0
DA:678,0
DA:679,0
DA:680,0
DA:683,0
DA:684,0
DA:686,0
DA:690,0
DA:691,0
DA:694,0
DA:695,0
DA:697,0
DA:699,0
DA:700,0
DA:704,0
DA:705,0
DA:708,0
DA:711,0
DA:712,0
DA:718,0
DA:719,0
DA:722,0
DA:723,0
DA:724,0
DA:726,0
DA:729,0
DA:731,0
DA:732,0
DA:736,0
DA:740,0
DA:741,0
DA:742,0
DA:754,0
DA:755,0
DA:756,0
DA:757,0
DA:758,0
DA:760,0
DA:761,0
DA:764,0
DA:766,0
DA:767,0
DA:768,0
DA:772,0
DA:773,0
DA:774,0
DA:775,0
DA:782,0
DA:784,0
DA:785,0
DA:786,0
DA:787,0
DA:789,0
DA:791,0
DA:792,0
DA:808,0
DA:809,0
DA:810,0
DA:811,0
DA:812,0
DA:813,0
DA:814,0
DA:817,0
DA:818,0
DA:820,0
DA:821,0
DA:822,0
DA:823,0
DA:824,0
DA:825,0
DA:826,0
DA:828,0
DA:833,0
DA:834,0
DA:835,0
DA:836,0
DA:837,0
DA:838,0
DA:840,0
DA:847,0
DA:848,0
DA:849,0
DA:850,0
DA:851,0
DA:852,0
DA:853,0
DA:854,0
DA:856,0
DA:861,0
DA:862,0
DA:863,0
DA:864,0
DA:865,0
DA:866,0
DA:868,0
DA:875,0
DA:877,0
DA:878,0
DA:879,0
DA:880,0
DA:881,0
DA:888,0
DA:889,0
DA:890,0
DA:891,0
DA:892,0
DA:893,0
DA:894,0
DA:896,0
DA:897,0
DA:900,0
DA:901,0
DA:907,0
DA:908,0
DA:909,0
DA:910,0
DA:911,0
DA:913,0
DA:914,0
DA:915,0
DA:916,0
DA:918,0
DA:920,0
DA:921,0
DA:922,0
DA:925,0
DA:926,0
DA:932,0
DA:941,0
DA:942,0
DA:943,0
DA:947,0
DA:948,0
DA:949,0
DA:950,0
DA:951,0
DA:952,0
DA:953,0
DA:955,0
DA:956,0
DA:959,0
DA:960,0
DA:961,0
DA:962,0
DA:963,0
DA:964,0
DA:965,0
DA:966,0
DA:968,0
DA:971,0
DA:972,0
DA:973,0
DA:979,0
DA:980,0
DA:982,0
DA:983,0
DA:984,0
DA:991,0
DA:992,0
DA:999,0
DA:1000,0
DA:1015,0
DA:1023,0
DA:1024,0
DA:1025,0
DA:1026,0
DA:1027,0
DA:1031,0
DA:1032,0
DA:1033,0
DA:1034,0
DA:1036,0
DA:1037,0
DA:1040,0
DA:1042,0
DA:1046,0
LF:512
LH:0
end_of_record
SF:lib\features\home\presentation\pages\widgets\users_screen.dart
DA:12,0
DA:17,0
DA:18,0
DA:20,0
DA:21,0
DA:25,0
DA:26,0
DA:28,0
DA:35,0
DA:37,0
DA:38,0
DA:39,0
DA:40,0
DA:41,0
DA:42,0
DA:43,0
DA:44,0
DA:45,0
DA:49,0
DA:50,0
DA:51,0
DA:52,0
DA:56,0
DA:57,0
DA:58,0
DA:59,0
DA:60,0
DA:65,0
DA:67,0
DA:68,0
DA:69,0
DA:70,0
DA:71,0
DA:72,0
DA:73,0
DA:74,0
DA:75,0
DA:77,0
DA:78,0
DA:79,0
DA:80,0
DA:82,0
DA:83,0
DA:84,0
DA:85,0
DA:86,0
DA:87,0
DA:88,0
DA:93,0
DA:94,0
DA:95,0
DA:97,0
DA:98,0
DA:101,0
DA:104,0
DA:105,0
DA:106,0
DA:111,0
DA:112,0
DA:113,0
DA:114,0
DA:117,0
DA:124,0
DA:125,0
DA:126,0
DA:128,0
DA:129,0
DA:132,0
DA:135,0
DA:136,0
DA:137,0
DA:141,0
DA:142,0
DA:143,0
DA:145,0
DA:146,0
DA:147,0
DA:148,0
DA:150,0
DA:158,0
DA:159,0
DA:160,0
DA:162,0
DA:163,0
DA:164,0
DA:177,0
DA:178,0
DA:179,0
DA:180,0
DA:182,0
DA:184,0
DA:185,0
DA:186,0
DA:187,0
DA:189,0
DA:191,0
DA:192,0
DA:194,0
DA:201,0
DA:202,0
DA:203,0
DA:206,0
DA:208,0
DA:209,0
DA:213,0
DA:214,0
DA:215,0
DA:216,0
DA:218,0
DA:219,0
DA:220,0
DA:221,0
DA:223,0
DA:229,0
DA:230,0
DA:231,0
DA:233,0
DA:242,0
DA:243,0
DA:245,0
DA:246,0
DA:247,0
DA:248,0
DA:251,0
DA:258,0
DA:259,0
DA:260,0
DA:262,0
DA:269,0
DA:270,0
DA:272,0
DA:273,0
DA:274,0
DA:275,0
DA:276,0
DA:277,0
DA:279,0
DA:284,0
DA:285,0
DA:286,0
DA:287,0
DA:288,0
DA:292,0
DA:294,0
DA:301,0
DA:309,0
DA:310,0
DA:311,0
DA:312,0
DA:313,0
DA:317,0
DA:318,0
DA:319,0
DA:322,0
DA:333,0
DA:334,0
DA:335,0
DA:336,0
DA:337,0
DA:338,0
DA:339,0
DA:342,0
DA:343,0
DA:345,0
DA:346,0
DA:352,0
DA:353,0
DA:354,0
DA:355,0
DA:356,0
DA:358,0
DA:359,0
DA:364,0
DA:365,0
DA:366,0
DA:368,0
DA:370,0
DA:371,0
DA:372,0
DA:374,0
DA:378,0
DA:379,0
DA:380,0
DA:383,0
DA:388,0
DA:390,0
DA:391,0
DA:392,0
DA:393,0
DA:394,0
DA:395,0
DA:396,0
DA:397,0
DA:399,0
DA:400,0
DA:406,0
DA:407,0
DA:408,0
DA:410,0
DA:411,0
DA:421,0
DA:422,0
DA:424,0
DA:426,0
DA:435,0
DA:436,0
DA:438,0
DA:439,0
DA:440,0
DA:442,0
DA:443,0
DA:453,0
DA:454,0
DA:455,0
DA:456,0
DA:457,0
DA:458,0
DA:459,0
DA:460,0
DA:463,0
DA:464,0
DA:466,0
DA:467,0
DA:473,0
DA:475,0
DA:478,0
DA:479,0
DA:481,0
DA:482,0
DA:483,0
DA:484,0
DA:487,0
DA:488,0
DA:489,0
DA:490,0
DA:493,0
DA:495,0
DA:496,0
DA:497,0
DA:501,0
DA:503,0
DA:506,0
DA:507,0
DA:511,0
DA:521,0
DA:522,0
DA:523,0
DA:524,0
DA:526,0
DA:527,0
DA:528,0
DA:529,0
DA:536,0
DA:537,0
DA:538,0
DA:539,0
DA:541,0
DA:548,0
DA:550,0
DA:551,0
DA:552,0
DA:553,0
DA:554,0
DA:558,0
DA:559,0
DA:560,0
DA:561,0
DA:562,0
DA:564,0
DA:566,0
DA:568,0
DA:569,0
DA:570,0
DA:571,0
DA:572,0
DA:574,0
DA:575,0
DA:576,0
DA:579,0
DA:580,0
DA:582,0
DA:586,0
DA:587,0
DA:590,0
DA:591,0
DA:593,0
DA:595,0
DA:596,0
DA:600,0
DA:601,0
DA:604,0
DA:607,0
DA:608,0
DA:614,0
DA:615,0
DA:618,0
DA:619,0
DA:620,0
DA:622,0
DA:625,0
DA:627,0
DA:628,0
DA:632,0
DA:636,0
DA:637,0
DA:638,0
DA:650,0
DA:651,0
DA:652,0
DA:653,0
DA:654,0
DA:656,0
DA:657,0
DA:660,0
DA:662,0
DA:663,0
DA:664,0
DA:668,0
DA:669,0
DA:670,0
DA:671,0
DA:678,0
DA:680,0
DA:681,0
DA:682,0
DA:683,0
DA:685,0
DA:687,0
DA:688,0
DA:704,0
DA:705,0
DA:707,0
DA:708,0
DA:711,0
DA:712,0
DA:713,0
DA:714,0
DA:715,0
DA:716,0
DA:717,0
DA:718,0
DA:720,0
DA:721,0
DA:724,0
DA:725,0
DA:726,0
DA:727,0
DA:728,0
DA:729,0
DA:730,0
DA:732,0
DA:733,0
DA:734,0
DA:735,0
DA:736,0
DA:737,0
DA:740,0
DA:741,0
DA:742,0
DA:743,0
DA:747,0
DA:748,0
DA:749,0
DA:750,0
DA:751,0
DA:752,0
DA:753,0
DA:759,0
DA:765,0
DA:766,0
DA:768,0
DA:770,0
DA:771,0
DA:772,0
DA:775,0
DA:776,0
DA:781,0
DA:782,0
DA:783,0
DA:784,0
DA:785,0
DA:788,0
DA:789,0
DA:790,0
DA:791,0
DA:792,0
DA:793,0
DA:794,0
DA:796,0
DA:797,0
DA:798,0
DA:799,0
DA:800,0
DA:801,0
DA:804,0
DA:805,0
DA:806,0
DA:807,0
DA:811,0
DA:812,0
DA:813,0
DA:814,0
DA:815,0
DA:816,0
DA:817,0
DA:823,0
DA:829,0
DA:830,0
DA:832,0
DA:834,0
DA:835,0
DA:837,0
DA:846,0
DA:847,0
DA:848,0
DA:849,0
DA:850,0
DA:851,0
DA:853,0
DA:854,0
DA:857,0
DA:858,0
DA:859,0
DA:860,0
DA:861,0
DA:862,0
DA:863,0
DA:865,0
DA:866,0
DA:868,0
DA:869,0
DA:870,0
DA:871,0
DA:875,0
DA:876,0
DA:877,0
DA:878,0
DA:879,0
DA:880,0
DA:881,0
DA:885,0
DA:891,0
DA:892,0
DA:893,0
DA:895,0
DA:898,0
DA:899,0
DA:900,0
DA:905,0
DA:906,0
DA:907,0
DA:908,0
DA:909,0
DA:911,0
DA:914,0
DA:915,0
DA:916,0
DA:917,0
DA:918,0
DA:919,0
DA:920,0
DA:923,0
DA:924,0
DA:925,0
DA:927,0
DA:937,0
DA:938,0
DA:939,0
DA:940,0
DA:941,0
DA:943,0
DA:944,0
DA:945,0
DA:948,0
DA:949,0
DA:955,0
DA:956,0
DA:957,0
DA:958,0
DA:959,0
DA:962,0
DA:963,0
DA:965,0
DA:966,0
DA:967,0
DA:970,0
DA:971,0
LF:487
LH:0
end_of_record
SF:lib\features\profile\presentation\pages\profile.dart
DA:16,7
DA:18,1
DA:19,1
DA:28,0
DA:30,0
DA:31,0
DA:32,0
DA:33,0
DA:34,0
DA:35,0
DA:39,0
DA:40,0
DA:42,0
DA:43,0
DA:44,0
DA:51,0
DA:53,0
DA:54,0
DA:55,0
DA:56,0
DA:57,0
DA:59,0
DA:60,0
DA:61,0
DA:62,0
DA:63,0
DA:64,0
DA:65,0
DA:69,0
DA:72,0
DA:73,0
DA:74,0
DA:75,0
DA:76,0
DA:78,0
DA:85,0
DA:86,0
DA:88,0
DA:89,0
DA:91,0
DA:93,0
DA:94,0
DA:95,0
DA:96,0
DA:98,0
DA:99,0
DA:103,0
DA:105,0
DA:106,0
DA:112,0
DA:113,0
DA:114,0
DA:115,0
DA:116,0
DA:117,0
DA:118,0
DA:119,0
DA:120,0
DA:121,0
DA:122,0
DA:123,0
DA:130,0
DA:131,0
DA:132,0
DA:133,0
DA:139,0
DA:140,0
DA:141,0
DA:142,0
DA:143,0
DA:144,0
DA:146,0
DA:147,0
DA:148,0
DA:150,0
DA:151,0
DA:152,0
DA:153,0
DA:154,0
DA:155,0
DA:156,0
DA:158,0
DA:159,0
DA:160,0
DA:161,0
DA:162,0
DA:163,0
DA:164,0
DA:165,0
DA:166,0
DA:167,0
DA:169,0
DA:170,0
DA:172,0
DA:180,0
DA:181,0
DA:183,0
DA:184,0
DA:185,0
DA:186,0
DA:187,0
DA:202,0
DA:203,0
DA:204,0
DA:205,0
DA:206,0
DA:207,0
DA:208,0
DA:209,0
DA:212,0
DA:222,0
DA:223,0
DA:226,0
DA:235,0
DA:236,0
DA:238,0
DA:239,0
DA:240,0
DA:241,0
DA:243,0
DA:244,0
DA:245,0
DA:246,0
DA:249,0
DA:252,0
DA:253,0
DA:254,0
DA:257,0
DA:267,0
DA:268,0
DA:270,0
DA:271,0
DA:272,0
DA:273,0
DA:275,0
DA:276,0
DA:277,0
DA:278,0
DA:281,0
DA:284,0
DA:285,0
DA:286,0
DA:289,0
DA:299,0
DA:300,0
DA:302,0
DA:303,0
DA:304,0
DA:305,0
DA:307,0
DA:308,0
DA:309,0
DA:310,0
DA:313,0
DA:316,0
DA:317,0
DA:318,0
DA:319,0
DA:320,0
DA:323,0
DA:326,0
DA:327,0
DA:339,0
DA:340,0
DA:342,0
DA:343,0
DA:344,0
DA:345,0
DA:347,0
DA:348,0
DA:349,0
DA:350,0
DA:353,0
DA:356,0
DA:357,0
DA:358,0
DA:361,0
DA:371,0
DA:372,0
DA:373,0
DA:375,0
DA:376,0
DA:377,0
DA:378,0
DA:379,0
DA:380,0
DA:383,0
DA:386,0
DA:388,0
DA:389,0
DA:391,0
DA:398,0
DA:400,0
DA:401,0
DA:402,0
DA:407,0
DA:408,0
DA:411,0
DA:415,0
DA:418,0
DA:422,0
DA:425,0
DA:428,0
DA:430,0
DA:431,0
DA:433,0
DA:436,0
DA:437,0
DA:441,0
DA:442,0
DA:443,0
DA:444,0
DA:449,0
DA:450,0
DA:451,0
DA:453,0
DA:454,0
DA:459,0
DA:460,0
DA:461,0
DA:463,0
DA:466,0
DA:467,0
DA:468,0
DA:471,0
DA:475,0
DA:476,0
DA:477,0
DA:479,0
DA:485,0
DA:486,0
DA:487,0
DA:491,0
DA:493,0
DA:494,0
DA:495,0
DA:496,0
DA:497,0
DA:498,0
DA:499,0
DA:500,0
DA:501,0
DA:502,0
DA:503,0
DA:504,0
DA:514,0
DA:515,0
DA:516,0
DA:517,0
DA:528,0
DA:529,0
DA:530,0
DA:532,0
DA:533,0
DA:534,0
DA:535,0
DA:538,0
DA:539,0
DA:542,0
DA:544,0
DA:545,0
DA:547,0
DA:554,0
DA:555,0
DA:556,0
DA:557,0
DA:558,0
DA:564,0
DA:567,0
DA:570,0
DA:572,0
DA:573,0
DA:575,0
DA:582,0
DA:590,0
DA:591,0
DA:594,0
DA:596,0
DA:597,0
DA:601,0
DA:602,0
DA:605,0
DA:607,0
DA:608,0
DA:612,0
DA:613,0
DA:615,0
DA:616,0
DA:617,0
DA:621,0
DA:622,0
DA:623,0
DA:628,0
DA:629,0
DA:633,0
DA:635,0
DA:636,0
DA:637,0
DA:638,0
DA:640,0
DA:641,0
DA:642,0
DA:643,0
DA:644,0
DA:649,0
DA:650,0
DA:651,0
DA:652,0
DA:653,0
DA:654,0
DA:655,0
DA:656,0
DA:665,0
DA:667,0
DA:668,0
DA:669,0
DA:670,0
DA:671,0
DA:672,0
DA:675,0
DA:682,0
DA:683,0
DA:686,0
DA:688,0
DA:689,0
DA:690,0
DA:694,0
DA:698,0
DA:699,0
DA:702,0
DA:704,0
DA:705,0
DA:706,0
DA:710,0
DA:714,0
DA:715,0
DA:717,0
DA:719,0
DA:720,0
DA:721,0
DA:722,0
DA:725,0
DA:732,0
DA:733,0
DA:734,0
DA:736,0
DA:737,0
DA:738,0
DA:739,0
DA:740,0
DA:741,0
DA:742,0
DA:743,0
DA:747,0
DA:749,0
DA:750,0
DA:752,0
DA:758,0
DA:759,0
DA:760,0
DA:761,0
DA:764,0
DA:765,0
DA:768,0
DA:769,0
DA:770,0
DA:773,0
DA:781,0
DA:782,0
DA:783,0
DA:785,0
DA:786,0
DA:787,0
DA:788,0
DA:789,0
DA:790,0
DA:791,0
DA:792,0
DA:793,0
DA:798,0
DA:800,0
DA:801,0
DA:803,0
DA:809,0
DA:810,0
DA:811,0
DA:812,0
DA:815,0
DA:816,0
DA:819,0
DA:820,0
DA:821,0
DA:824,0
DA:832,0
DA:833,0
DA:835,0
DA:836,0
DA:837,0
DA:839,0
DA:841,0
DA:842,0
DA:843,0
DA:844,0
DA:850,0
DA:852,0
DA:855,0
DA:862,0
DA:863,0
DA:865,0
DA:866,0
DA:867,0
DA:868,0
DA:869,0
DA:870,0
DA:872,0
DA:873,0
DA:874,0
DA:876,0
DA:877,0
DA:878,0
DA:879,0
DA:880,0
DA:881,0
DA:884,0
DA:885,0
DA:886,0
DA:887,0
DA:889,0
DA:890,0
LF:429
LH:3
end_of_record
SF:lib\features\home\presentation\pages\widgets\create_team_bottomsheet.dart
DA:8,0
DA:10,0
DA:11,0
DA:18,0
DA:20,0
DA:21,0
DA:22,0
DA:26,0
DA:28,0
DA:29,0
DA:30,0
DA:32,0
DA:33,0
DA:34,0
DA:35,0
DA:38,0
DA:39,0
DA:40,0
DA:41,0
DA:42,0
DA:43,0
DA:48,0
DA:51,0
DA:53,0
DA:54,0
DA:56,0
DA:58,0
DA:60,0
DA:62,0
DA:63,0
DA:74,0
DA:75,0
DA:77,0
DA:78,0
DA:81,0
DA:82,0
DA:83,0
DA:85,0
DA:86,0
DA:87,0
DA:90,0
DA:94,0
DA:95,0
DA:96,0
DA:106,0
DA:107,0
DA:108,0
DA:109,0
DA:110,0
DA:111,0
DA:112,0
DA:113,0
DA:114,0
DA:116,0
DA:117,0
DA:119,0
DA:120,0
DA:121,0
DA:122,0
DA:125,0
DA:126,0
DA:127,0
DA:128,0
DA:131,0
DA:132,0
DA:133,0
DA:135,0
DA:137,0
DA:140,0
DA:145,0
DA:146,0
DA:147,0
DA:149,0
DA:150,0
DA:151,0
DA:152,0
DA:153,0
DA:154,0
DA:156,0
DA:157,0
DA:159,0
DA:160,0
DA:161,0
DA:162,0
DA:165,0
DA:166,0
DA:167,0
DA:168,0
DA:171,0
DA:172,0
DA:173,0
DA:177,0
DA:182,0
DA:183,0
DA:185,0
DA:186,0
DA:187,0
DA:188,0
DA:195,0
DA:197,0
DA:200,0
DA:203,0
DA:205,0
DA:208,0
DA:211,0
DA:213,0
DA:216,0
DA:219,0
DA:221,0
DA:224,0
DA:231,0
DA:234,0
DA:236,0
DA:237,0
DA:238,0
DA:239,0
DA:240,0
DA:241,0
DA:248,0
DA:249,0
DA:250,0
DA:251,0
DA:253,0
DA:262,0
DA:263,0
DA:264,0
DA:265,0
DA:267,0
DA:268,0
DA:270,0
DA:271,0
DA:272,0
DA:273,0
DA:274,0
DA:275,0
DA:276,0
DA:277,0
DA:280,0
DA:282,0
DA:284,0
DA:285,0
DA:286,0
DA:287,0
DA:289,0
DA:291,0
DA:292,0
DA:293,0
DA:308,0
DA:309,0
DA:310,0
DA:311,0
DA:313,0
DA:318,0
DA:319,0
DA:320,0
DA:321,0
DA:322,0
DA:323,0
DA:326,0
DA:328,0
DA:329,0
DA:331,0
DA:332,0
DA:333,0
DA:335,0
DA:336,0
DA:338,0
DA:339,0
DA:340,0
DA:341,0
DA:344,0
DA:347,0
DA:348,0
DA:349,0
DA:350,0
DA:351,0
DA:352,0
DA:362,0
DA:364,0
DA:366,0
DA:367,0
DA:368,0
DA:370,0
DA:371,0
DA:373,0
DA:374,0
DA:375,0
DA:376,0
DA:377,0
DA:378,0
DA:380,0
DA:382,0
DA:387,0
DA:388,0
DA:389,0
DA:391,0
DA:392,0
DA:393,0
DA:396,0
DA:397,0
DA:400,0
DA:401,0
DA:402,0
DA:404,0
DA:405,0
DA:411,0
DA:412,0
DA:414,0
DA:415,0
DA:416,0
DA:417,0
DA:421,0
DA:422,0
DA:423,0
DA:426,0
DA:427,0
DA:433,0
DA:434,0
DA:435,0
DA:436,0
DA:438,0
DA:440,0
DA:442,0
DA:446,0
DA:448,0
DA:450,0
DA:453,0
DA:455,0
DA:456,0
DA:473,0
DA:481,0
DA:482,0
DA:483,0
DA:484,0
DA:485,0
DA:487,0
DA:489,0
DA:496,0
DA:497,0
DA:498,0
DA:505,0
DA:506,0
DA:507,0
DA:508,0
DA:512,0
DA:513,0
DA:514,0
DA:515,0
DA:517,0
DA:518,0
DA:526,0
DA:527,0
DA:528,0
DA:530,0
DA:531,0
DA:533,0
DA:534,0
DA:535,0
DA:537,0
DA:538,0
DA:541,0
DA:550,0
DA:551,0
LF:263
LH:0
end_of_record
SF:lib\features\home\presentation\pages\widgets\drop_down_widget.dart
DA:12,0
DA:22,0
DA:24,0
DA:25,0
DA:27,0
DA:28,0
DA:29,0
DA:30,0
DA:31,0
DA:33,0
DA:34,0
DA:35,0
DA:36,0
DA:37,0
DA:43,0
DA:44,0
DA:46,0
DA:47,0
DA:48,0
DA:50,0
DA:53,0
DA:54,0
DA:55,0
DA:57,0
DA:58,0
DA:61,0
DA:63,0
DA:64,0
DA:65,0
DA:66,0
DA:67,0
DA:68,0
DA:69,0
DA:72,0
DA:77,0
LF:35
LH:0
end_of_record
SF:lib\features\home\presentation\pages\widgets\notification_page.dart
DA:12,0
DA:13,0
DA:23,0
DA:25,0
DA:26,0
DA:27,0
DA:30,0
DA:31,0
DA:32,0
DA:33,0
DA:34,0
DA:38,0
DA:40,0
DA:42,0
DA:43,0
DA:44,0
DA:45,0
DA:48,0
DA:49,0
DA:53,0
DA:54,0
DA:55,0
DA:56,0
DA:58,0
DA:59,0
DA:60,0
DA:62,0
DA:64,0
DA:66,0
DA:68,0
DA:69,0
DA:82,0
DA:86,0
DA:87,0
DA:88,0
DA:92,0
DA:93,0
DA:96,0
DA:97,0
DA:98,0
DA:99,0
DA:100,0
DA:107,0
DA:111,0
DA:112,0
DA:113,0
DA:114,0
DA:115,0
DA:116,0
DA:117,0
DA:121,0
DA:122,0
DA:123,0
DA:125,0
DA:126,0
DA:128,0
DA:129,0
DA:131,0
DA:136,0
DA:137,0
DA:138,0
DA:139,0
DA:141,0
DA:142,0
DA:143,0
DA:152,0
DA:153,0
DA:155,0
DA:156,0
DA:157,0
DA:159,0
DA:160,0
DA:163,0
DA:166,0
DA:168,0
DA:169,0
DA:170,0
DA:179,0
DA:181,0
DA:182,0
DA:183,0
DA:184,0
DA:191,0
DA:192,0
DA:194,0
DA:195,0
DA:197,0
DA:199,0
DA:201,0
DA:205,0
DA:207,0
DA:208,0
DA:210,0
DA:211,0
DA:212,0
DA:221,0
DA:222,0
DA:224,0
DA:225,0
DA:227,0
DA:229,0
DA:230,0
DA:231,0
DA:232,0
DA:234,0
DA:235,0
DA:238,0
DA:239,0
DA:246,0
DA:247,0
DA:248,0
DA:249,0
DA:251,0
DA:253,0
DA:254,0
DA:255,0
DA:259,0
DA:260,0
DA:262,0
DA:263,0
DA:264,0
DA:265,0
DA:266,0
DA:267,0
DA:268,0
DA:279,0
DA:280,0
DA:283,0
DA:284,0
DA:289,0
DA:290,0
DA:299,0
DA:300,0
DA:301,0
DA:302,0
DA:303,0
DA:304,0
DA:316,0
DA:317,0
DA:318,0
DA:325,0
DA:326,0
DA:327,0
DA:331,0
DA:350,0
DA:351,0
DA:352,0
DA:354,0
DA:358,0
DA:359,0
DA:360,0
DA:363,0
DA:364,0
DA:365,0
DA:367,0
DA:370,0
DA:371,0
DA:376,0
DA:379,0
DA:380,0
DA:381,0
DA:382,0
DA:383,0
DA:384,0
DA:388,0
DA:389,0
DA:390,0
DA:392,0
DA:393,0
DA:394,0
DA:396,0
DA:397,0
DA:398,0
DA:399,0
DA:402,0
DA:405,0
DA:407,0
DA:410,0
DA:416,0
DA:417,0
DA:419,0
DA:420,0
DA:421,0
DA:422,0
DA:423,0
DA:424,0
DA:425,0
DA:427,0
DA:428,0
DA:429,0
DA:437,0
DA:438,0
DA:439,0
DA:444,0
DA:445,0
DA:446,0
DA:447,0
DA:450,0
DA:451,0
DA:452,0
DA:453,0
DA:458,0
DA:459,0
DA:460,0
DA:464,0
DA:465,0
DA:468,0
DA:470,0
DA:471,0
DA:473,0
DA:474,0
DA:475,0
DA:485,0
DA:490,0
DA:494,0
DA:498,0
DA:502,0
DA:506,0
DA:510,0
DA:514,0
DA:518,0
DA:524,0
DA:527,0
DA:529,0
DA:530,0
DA:534,0
DA:538,0
DA:540,0
DA:541,0
DA:542,0
DA:544,0
DA:545,0
DA:546,0
DA:547,0
DA:548,0
DA:549,0
DA:550,0
DA:551,0
DA:553,0
DA:560,0
DA:562,0
DA:563,0
LF:242
LH:0
end_of_record
SF:lib\features\home\presentation\pages\widgets\team_detail_screen.dart
DA:10,0
DA:12,0
DA:13,0
DA:19,0
DA:21,0
DA:22,0
DA:23,0
DA:24,0
DA:25,0
DA:26,0
DA:30,0
DA:32,0
DA:33,0
DA:34,0
DA:39,0
DA:40,0
DA:41,0
DA:42,0
DA:46,0
DA:47,0
DA:48,0
DA:50,0
DA:51,0
DA:53,0
DA:55,0
DA:56,0
DA:57,0
DA:64,0
DA:67,0
DA:69,0
DA:71,0
DA:72,0
DA:74,0
DA:76,0
DA:84,0
DA:85,0
DA:86,0
DA:88,0
DA:90,0
DA:91,0
DA:92,0
DA:93,0
DA:95,0
DA:96,0
DA:105,0
DA:107,0
DA:109,0
DA:116,0
DA:117,0
DA:118,0
DA:120,0
DA:122,0
DA:123,0
DA:124,0
DA:125,0
DA:127,0
DA:128,0
DA:137,0
DA:138,0
DA:139,0
DA:141,0
DA:142,0
DA:143,0
DA:145,0
DA:146,0
DA:153,0
DA:154,0
DA:155,0
DA:157,0
DA:159,0
DA:160,0
DA:161,0
DA:162,0
DA:164,0
DA:165,0
DA:174,0
DA:175,0
DA:176,0
DA:177,0
DA:178,0
DA:183,0
DA:184,0
DA:185,0
DA:187,0
DA:188,0
DA:189,0
DA:191,0
DA:192,0
DA:195,0
DA:197,0
DA:203,0
DA:211,0
DA:212,0
DA:214,0
DA:215,0
DA:217,0
DA:219,0
DA:221,0
DA:225,0
DA:230,0
DA:231,0
DA:233,0
DA:234,0
DA:235,0
DA:241,0
DA:247,0
DA:249,0
DA:250,0
LF:108
LH:0
end_of_record
SF:lib\features\home\presentation\pages\widgets\user_detail.dart
DA:11,0
DA:13,0
DA:14,0
DA:21,0
DA:23,0
DA:24,0
DA:27,0
DA:28,0
DA:29,0
DA:31,0
DA:32,0
DA:33,0
DA:34,0
DA:39,0
DA:41,0
DA:43,0
DA:44,0
DA:45,0
DA:47,0
DA:49,0
DA:52,0
DA:53,0
DA:57,0
DA:58,0
DA:59,0
DA:62,0
DA:63,0
DA:64,0
DA:69,0
DA:70,0
DA:71,0
DA:72,0
DA:76,0
DA:77,0
DA:78,0
DA:80,0
DA:81,0
DA:84,0
DA:87,0
DA:88,0
DA:90,0
DA:96,0
DA:97,0
DA:98,0
DA:99,0
DA:102,0
DA:109,0
DA:110,0
DA:111,0
DA:112,0
DA:113,0
DA:120,0
DA:122,0
DA:124,0
DA:125,0
DA:128,0
DA:132,0
DA:136,0
DA:140,0
DA:141,0
DA:145,0
DA:146,0
DA:156,0
DA:157,0
DA:160,0
DA:161,0
DA:162,0
DA:163,0
DA:164,0
DA:167,0
DA:168,0
DA:170,0
DA:171,0
DA:177,0
DA:178,0
DA:179,0
DA:182,0
DA:184,0
DA:186,0
DA:187,0
DA:188,0
DA:189,0
DA:191,0
DA:192,0
DA:195,0
DA:201,0
DA:202,0
DA:203,0
DA:213,0
DA:214,0
DA:215,0
DA:217,0
DA:226,0
DA:227,0
DA:228,0
DA:229,0
DA:233,0
DA:234,0
DA:237,0
DA:238,0
DA:239,0
DA:240,0
DA:241,0
DA:244,0
DA:245,0
DA:247,0
DA:248,0
DA:254,0
DA:256,0
DA:257,0
DA:258,0
DA:259,0
DA:268,0
DA:269,0
DA:270,0
DA:273,0
DA:274,0
DA:275,0
DA:278,0
DA:279,0
DA:280,0
DA:288,0
DA:289,0
DA:292,0
DA:293,0
DA:294,0
DA:295,0
DA:296,0
DA:299,0
DA:300,0
DA:302,0
DA:303,0
DA:309,0
DA:311,0
DA:312,0
DA:313,0
DA:314,0
DA:323,0
DA:324,0
DA:325,0
DA:326,0
DA:327,0
DA:331,0
DA:332,0
DA:333,0
DA:336,0
DA:340,0
DA:345,0
DA:346,0
DA:347,0
DA:348,0
DA:349,0
DA:350,0
DA:351,0
DA:355,0
DA:356,0
DA:357,0
DA:360,0
DA:369,0
DA:370,0
DA:371,0
DA:372,0
DA:373,0
DA:375,0
DA:379,0
DA:380,0
DA:381,0
DA:384,0
DA:388,0
DA:389,0
DA:390,0
DA:393,0
DA:395,0
DA:405,0
DA:406,0
DA:409,0
DA:410,0
DA:411,0
DA:412,0
DA:413,0
DA:416,0
DA:417,0
DA:419,0
DA:420,0
DA:426,0
DA:428,0
DA:429,0
DA:430,0
DA:431,0
DA:440,0
DA:443,0
DA:448,0
DA:449,0
DA:452,0
DA:453,0
DA:456,0
DA:457,0
DA:461,0
DA:465,0
DA:470,0
DA:471,0
DA:472,0
DA:473,0
DA:475,0
DA:477,0
DA:478,0
DA:480,0
DA:482,0
DA:491,0
DA:498,0
DA:499,0
DA:502,0
DA:503,0
DA:504,0
DA:505,0
DA:506,0
DA:509,0
DA:510,0
DA:512,0
DA:513,0
DA:519,0
DA:521,0
DA:522,0
DA:523,0
DA:524,0
DA:526,0
DA:530,0
DA:531,0
DA:532,0
DA:543,0
DA:544,0
DA:545,0
DA:547,0
DA:553,0
DA:556,0
DA:557,0
DA:558,0
DA:559,0
DA:561,0
DA:563,0
DA:564,0
DA:565,0
DA:567,0
DA:569,0
DA:570,0
DA:571,0
DA:572,0
DA:573,0
DA:576,0
DA:577,0
DA:578,0
DA:583,0
DA:586,0
DA:589,0
DA:591,0
DA:593,0
DA:596,0
DA:601,0
DA:604,0
DA:606,0
DA:607,0
DA:608,0
DA:610,0
DA:612,0
DA:619,0
DA:620,0
DA:622,0
DA:632,0
DA:634,0
DA:635,0
DA:637,0
DA:638,0
DA:639,0
DA:641,0
DA:642,0
DA:645,0
DA:646,0
DA:649,0
DA:650,0
DA:652,0
DA:668,0
DA:675,0
DA:677,0
DA:679,0
DA:680,0
DA:681,0
DA:682,0
DA:684,0
DA:685,0
DA:689,0
DA:690,0
DA:691,0
DA:693,0
DA:697,0
DA:698,0
DA:699,0
DA:700,0
DA:702,0
DA:714,0
DA:715,0
DA:716,0
DA:717,0
DA:721,0
DA:725,0
DA:726,0
DA:728,0
DA:730,0
DA:731,0
DA:733,0
DA:735,0
DA:737,0
DA:741,0
DA:742,0
DA:744,0
LF:314
LH:0
end_of_record
SF:lib\features\profile\domain\entities\change_password.dart
DA:4,0
LF:1
LH:0
end_of_record
SF:lib\features\profile\domain\entities\info_user.dart
DA:14,0
LF:1
LH:0
end_of_record
SF:lib\features\profile\domain\entities\update_user.dart
DA:8,0
DA:16,0
DA:17,0
DA:18,0
DA:19,0
DA:20,0
DA:21,0
DA:22,0
LF:8
LH:0
end_of_record
SF:lib\features\profile\domain\usecase\chnage_password_usecase.dart
DA:8,0
DA:10,0
DA:15,0
LF:3
LH:0
end_of_record
SF:lib\features\profile\domain\usecase\get_user_info_usecase.dart
DA:8,0
DA:10,0
DA:11,0
LF:3
LH:0
end_of_record
SF:lib\features\profile\domain\usecase\update_user_profile_usecase.dart
DA:7,0
DA:9,0
DA:15,0
LF:3
LH:0
end_of_record
SF:lib\features\profile\presentation\controller\profile_controller.dart
DA:18,0
DA:39,0
DA:41,0
DA:42,0
DA:43,0
DA:45,0
DA:46,0
DA:48,0
DA:49,0
DA:53,0
DA:54,0
DA:57,0
DA:61,0
DA:63,0
DA:65,0
DA:66,0
DA:68,0
DA:69,0
DA:70,0
DA:73,0
DA:77,0
DA:79,0
DA:80,0
DA:82,0
DA:83,0
DA:84,0
DA:86,0
DA:88,0
DA:89,0
DA:90,0
DA:99,0
DA:100,0
DA:101,0
DA:110,0
DA:114,0
DA:116,0
DA:117,0
DA:119,0
DA:120,0
DA:123,0
DA:124,0
DA:125,0
DA:132,0
DA:133,0
DA:135,0
DA:136,0
DA:137,0
DA:144,0
LF:48
LH:0
end_of_record
SF:lib\main.dart
DA:131,0
DA:132,0
DA:135,0
DA:136,0
DA:138,0
DA:139,0
DA:140,0
DA:142,0
DA:143,0
DA:145,0
DA:147,0
DA:149,0
DA:150,0
DA:153,0
DA:154,0
DA:155,0
DA:159,0
DA:161,0
DA:162,0
DA:166,0
DA:167,0
DA:168,0
DA:170,0
DA:171,0
DA:174,0
DA:175,0
DA:176,0
DA:178,0
DA:179,0
DA:182,0
DA:183,0
DA:185,0
DA:186,0
DA:188,0
DA:189,0
DA:192,0
DA:193,0
DA:194,0
DA:195,0
DA:196,0
DA:200,0
DA:202,0
DA:203,0
DA:204,0
DA:205,0
DA:206,0
DA:207,0
DA:209,0
DA:210,0
DA:211,0
DA:213,0
DA:214,0
DA:216,0
DA:217,0
DA:219,0
DA:220,0
DA:222,0
DA:223,0
DA:226,0
DA:227,0
DA:229,0
DA:230,0
DA:232,0
DA:233,0
DA:236,0
DA:238,0
DA:239,0
DA:242,0
DA:243,0
DA:246,0
DA:247,0
DA:248,0
DA:249,0
DA:250,0
DA:251,0
DA:255,0
DA:256,0
DA:259,0
DA:260,0
DA:261,0
DA:265,0
DA:266,0
DA:269,0
DA:270,0
DA:274,0
DA:275,0
DA:278,0
DA:279,0
DA:282,0
DA:283,0
DA:286,0
DA:287,0
DA:290,0
DA:291,0
DA:292,0
DA:293,0
DA:298,0
DA:299,0
DA:301,0
DA:302,0
DA:305,0
DA:306,0
DA:307,0
DA:311,0
DA:312,0
DA:315,0
DA:316,0
DA:320,0
DA:321,0
DA:324,0
DA:325,0
DA:326,0
DA:329,0
DA:330,0
DA:332,0
DA:333,0
DA:337,0
DA:338,0
DA:341,0
DA:342,0
DA:345,0
DA:347,0
DA:349,0
DA:350,0
DA:354,0
DA:355,0
DA:358,0
DA:359,0
DA:360,0
DA:364,0
DA:365,0
DA:368,0
DA:369,0
DA:373,0
DA:374,0
DA:377,0
DA:378,0
DA:379,0
DA:383,0
DA:384,0
DA:385,0
DA:389,0
DA:390,0
DA:391,0
DA:396,0
DA:397,0
DA:400,0
DA:401,0
DA:402,0
DA:406,0
DA:407,0
DA:410,0
DA:411,0
DA:414,0
DA:415,0
DA:419,0
DA:420,0
DA:423,0
DA:424,0
DA:425,0
DA:429,0
DA:430,0
DA:433,0
DA:434,0
DA:438,0
DA:439,0
DA:442,0
DA:443,0
DA:444,0
DA:448,0
DA:449,0
DA:450,0
DA:453,0
DA:454,0
DA:458,0
DA:459,0
DA:462,0
DA:463,0
DA:464,0
DA:468,0
DA:470,0
DA:471,0
DA:474,0
DA:475,0
DA:478,0
DA:479,0
DA:480,0
DA:484,0
DA:485,0
DA:486,0
DA:490,0
DA:491,0
DA:492,0
DA:496,0
DA:497,0
DA:498,0
DA:502,0
DA:503,0
DA:504,0
DA:505,0
DA:506,0
DA:511,0
DA:513,0
DA:514,0
DA:516,0
DA:517,0
DA:519,0
DA:521,0
DA:522,0
DA:523,0
DA:525,0
DA:526,0
DA:527,0
DA:529,0
DA:530,0
DA:541,1
DA:543,1
DA:545,1
DA:546,2
DA:548,1
DA:549,1
DA:550,3
DA:551,1
DA:554,2
LF:224
LH:9
end_of_record
SF:lib\core\services\push_notification_service.dart
DA:10,0
DA:11,0
DA:12,0
DA:13,0
DA:15,0
DA:16,0
DA:23,0
DA:28,0
DA:29,0
DA:31,0
DA:32,0
DA:33,0
DA:37,0
DA:40,0
DA:41,0
DA:43,0
DA:47,0
DA:60,0
DA:62,0
DA:63,0
DA:66,0
DA:70,0
DA:71,0
DA:72,0
DA:73,0
DA:74,0
DA:75,0
DA:77,0
DA:81,0
DA:82,0
DA:83,0
DA:84,0
DA:86,0
DA:89,0
DA:90,0
DA:93,0
DA:95,0
DA:96,0
DA:97,0
DA:103,0
DA:104,0
DA:105,0
DA:108,0
DA:109,0
DA:110,0
DA:115,0
DA:116,0
DA:117,0
DA:118,0
LF:49
LH:0
end_of_record
SF:lib\features\add_report\data\datasource\alert_remote_datasource.dart
DA:14,0
DA:16,0
DA:19,0
DA:20,0
DA:21,0
DA:26,0
DA:27,0
DA:28,0
DA:31,0
LF:9
LH:0
end_of_record
SF:lib\features\add_report\data\repositories\alert_repository_impl.dart
DA:10,0
DA:12,0
DA:15,0
LF:3
LH:0
end_of_record
SF:lib\features\auth\data\datasource\change_language_datasource.dart
DA:14,0
DA:16,0
DA:19,0
DA:21,0
DA:23,0
DA:25,0
LF:6
LH:0
end_of_record
SF:lib\features\auth\data\model\change_language_model.dart
DA:7,0
DA:12,0
DA:13,0
DA:14,0
DA:15,0
DA:19,0
DA:20,0
DA:21,0
DA:22,0
LF:9
LH:0
end_of_record
SF:lib\features\auth\data\model\change_language_response_model.dart
DA:6,0
DA:10,0
DA:11,0
DA:12,0
DA:16,0
DA:17,0
DA:18,0
LF:7
LH:0
end_of_record
SF:lib\features\auth\data\datasource\change_password_datasource.dart
DA:9,0
DA:11,0
DA:13,0
DA:16,0
DA:18,0
LF:5
LH:0
end_of_record
SF:lib\features\auth\data\repositories\change_language_repository_impl.dart
DA:9,0
DA:11,0
DA:13,0
DA:14,0
DA:15,0
LF:5
LH:0
end_of_record
SF:lib\features\auth\data\repositories\change_password_impl.dart
DA:9,0
DA:11,0
DA:12,0
LF:3
LH:0
end_of_record
SF:lib\features\auth\presentation\controller\locale_change_language.dart
DA:7,1
DA:8,1
LF:2
LH:2
end_of_record
SF:lib\features\auth\presentation\pages\splashscreen_page.dart
DA:16,1
DA:18,1
DA:19,1
DA:30,0
DA:32,0
DA:33,0
DA:34,0
DA:37,0
DA:40,0
DA:41,0
DA:45,0
DA:46,0
DA:49,0
DA:50,0
DA:52,0
DA:53,0
DA:58,0
DA:60,0
DA:62,0
DA:63,0
DA:64,0
DA:66,0
DA:69,0
DA:71,0
DA:73,0
DA:75,0
DA:76,0
DA:81,0
DA:82,0
DA:88,0
DA:89,0
DA:99,0
DA:100,0
DA:101,0
DA:102,0
DA:103,0
DA:106,0
DA:108,0
DA:109,0
DA:110,0
DA:111,0
DA:113,0
DA:118,0
DA:120,0
DA:121,0
DA:122,0
DA:125,0
DA:126,0
DA:127,0
DA:128,0
DA:129,0
DA:131,0
DA:132,0
DA:133,0
DA:134,0
DA:135,0
DA:136,0
DA:142,0
DA:143,0
LF:59
LH:3
end_of_record
SF:lib\features\get_alert_by_id\data\datasource\assign_team_datesource.dart
DA:14,0
DA:16,0
DA:19,0
DA:21,0
DA:22,0
DA:25,0
DA:26,0
DA:28,0
DA:30,0
DA:31,0
DA:32,0
DA:33,0
DA:36,0
DA:39,0
LF:14
LH:0
end_of_record
SF:lib\features\get_alert_by_id\data\model\assign_team_model.dart
DA:5,0
DA:9,0
DA:15,0
DA:16,0
DA:17,0
DA:18,0
DA:19,0
DA:23,0
DA:24,0
DA:25,0
DA:26,0
DA:27,0
LF:12
LH:0
end_of_record
SF:lib\features\get_alert_by_id\data\model\assign_team_request_model.dart
DA:6,0
DA:12,0
DA:13,0
DA:14,0
DA:15,0
DA:16,0
LF:6
LH:0
end_of_record
SF:lib\features\get_alert_by_id\data\datasource\generate_pdf_datasource.dart
DA:8,0
DA:10,0
DA:12,0
DA:13,0
DA:15,0
DA:19,0
DA:20,0
DA:21,0
DA:25,0
LF:9
LH:0
end_of_record
SF:lib\features\get_alert_by_id\data\datasource\get_alert_by_id_datasource.dart
DA:17,0
DA:21,0
DA:26,0
DA:28,0
DA:29,0
DA:30,0
DA:37,0
DA:38,0
DA:40,0
DA:44,0
DA:47,0
DA:48,0
DA:49,0
DA:50,0
DA:52,0
LF:15
LH:0
end_of_record
SF:lib\features\get_alert_by_id\data\model\get_alert_by_id_model.dart
DA:4,0
DA:14,0
DA:15,0
DA:16,0
DA:17,0
DA:18,0
DA:19,0
DA:20,0
DA:21,0
DA:22,0
DA:23,0
DA:24,0
DA:25,0
DA:26,0
DA:32,0
DA:62,0
DA:63,0
DA:64,0
DA:65,0
DA:66,0
DA:67,0
DA:68,0
DA:70,0
DA:71,0
DA:72,0
DA:74,0
DA:75,0
DA:76,0
DA:77,0
DA:78,0
DA:79,0
DA:80,0
DA:81,0
DA:82,0
DA:83,0
DA:84,0
DA:85,0
DA:86,0
DA:87,0
DA:88,0
DA:89,0
DA:90,0
DA:91,0
DA:92,0
DA:93,0
DA:99,0
DA:105,0
DA:106,0
DA:107,0
DA:108,0
DA:109,0
DA:126,0
DA:139,0
DA:140,0
DA:141,0
DA:142,0
DA:143,0
DA:145,0
DA:147,0
DA:148,0
DA:149,0
DA:150,0
DA:151,0
DA:152,0
DA:158,0
DA:168,0
DA:169,0
DA:170,0
DA:171,0
DA:172,0
DA:173,0
DA:174,0
DA:175,0
DA:176,0
DA:182,0
DA:210,0
DA:211,0
DA:212,0
DA:213,0
DA:214,0
DA:215,0
DA:216,0
DA:217,0
DA:218,0
DA:219,0
DA:220,0
DA:221,0
DA:222,0
DA:223,0
DA:224,0
DA:225,0
DA:226,0
DA:227,0
DA:228,0
DA:229,0
DA:230,0
DA:231,0
DA:232,0
DA:233,0
DA:234,0
DA:235,0
DA:236,0
DA:242,0
DA:248,0
DA:249,0
DA:250,0
DA:251,0
DA:252,0
DA:258,0
DA:265,0
DA:266,0
DA:267,0
DA:268,0
DA:269,0
DA:270,0
DA:276,0
DA:283,0
DA:284,0
DA:285,0
DA:286,0
DA:287,0
DA:288,0
LF:122
LH:0
end_of_record
SF:lib\features\get_alert_by_id\data\model\get_alert_by_id_request.dart
DA:6,0
DA:8,0
DA:9,0
DA:10,0
DA:11,0
LF:5
LH:0
end_of_record
SF:lib\features\get_alert_by_id\data\datasource\get_team_by_alert_type.dart
DA:14,0
DA:16,0
DA:19,0
DA:21,0
DA:22,0
DA:25,0
DA:26,0
DA:27,0
DA:29,0
DA:30,0
DA:32,0
DA:35,0
DA:36,0
LF:13
LH:0
end_of_record
SF:lib\features\get_alert_by_id\data\model\team_model.dart
DA:6,0
DA:17,0
DA:30,0
DA:31,0
DA:32,0
DA:33,0
DA:34,0
DA:35,0
DA:36,0
DA:37,0
DA:38,0
DA:39,0
DA:40,0
DA:41,0
DA:42,0
DA:43,0
DA:47,0
DA:48,0
DA:49,0
DA:50,0
DA:51,0
DA:52,0
DA:53,0
DA:54,0
DA:55,0
DA:56,0
DA:57,0
DA:58,0
LF:28
LH:0
end_of_record
SF:lib\features\get_alert_by_id\data\datasource\team_finish_processing.dart
DA:19,0
DA:21,0
DA:29,0
DA:30,0
DA:31,0
DA:32,0
DA:33,0
DA:36,0
DA:41,0
DA:43,0
LF:10
LH:0
end_of_record
SF:lib\features\get_alert_by_id\data\model\team_finish_processing_model.dart
DA:4,0
DA:6,0
DA:7,0
DA:8,0
DA:9,0
LF:5
LH:0
end_of_record
SF:lib\features\get_alert_by_id\data\datasource\update_by_admin_datasource.dart
DA:13,0
DA:15,0
DA:18,0
DA:20,0
DA:22,0
DA:24,0
LF:6
LH:0
end_of_record
SF:lib\features\get_alert_by_id\data\model\update_by_admin_model.dart
DA:8,0
DA:14,0
DA:15,0
DA:16,0
DA:17,0
DA:18,0
DA:22,0
DA:23,0
DA:24,0
DA:25,0
DA:26,0
LF:11
LH:0
end_of_record
SF:lib\features\get_alert_by_id\data\model\update_by_admin_response_model.dart
DA:8,0
DA:14,0
DA:15,0
DA:16,0
DA:17,0
DA:18,0
DA:22,0
DA:23,0
DA:24,0
DA:25,0
DA:26,0
LF:11
LH:0
end_of_record
SF:lib\features\get_alert_by_id\data\datasource\update_by_team_member_datasource.dart
DA:13,0
DA:15,0
DA:18,0
DA:20,0
DA:22,0
DA:24,0
LF:6
LH:0
end_of_record
SF:lib\features\get_alert_by_id\data\model\update_by_team_member_model.dart
DA:8,0
DA:14,0
DA:15,0
DA:16,0
DA:17,0
DA:18,0
DA:22,0
DA:23,0
DA:24,0
DA:25,0
DA:26,0
LF:11
LH:0
end_of_record
SF:lib\features\get_alert_by_id\data\model\update_by_team_member_response_model.dart
DA:8,0
DA:14,0
DA:15,0
DA:16,0
DA:17,0
DA:18,0
DA:22,0
DA:23,0
DA:24,0
DA:25,0
DA:26,0
LF:11
LH:0
end_of_record
SF:lib\features\get_alert_by_id\data\datasource\visited_by_admin_datasource.dart
DA:12,0
DA:14,0
DA:17,0
DA:19,0
DA:21,0
DA:23,0
LF:6
LH:0
end_of_record
SF:lib\features\get_alert_by_id\data\model\visited_by_admin_model.dart
DA:7,0
DA:12,0
DA:13,0
DA:14,0
DA:15,0
DA:19,0
DA:20,0
DA:21,0
DA:22,0
DA:31,0
DA:36,0
DA:37,0
DA:38,0
DA:39,0
DA:43,0
DA:44,0
DA:45,0
DA:46,0
LF:18
LH:0
end_of_record
SF:lib\features\get_alert_by_id\data\datasource\visited_by_team_member_datasource.dart
DA:13,0
DA:15,0
DA:18,0
DA:20,0
DA:22,0
DA:24,0
LF:6
LH:0
end_of_record
SF:lib\features\get_alert_by_id\data\model\visited_by_team_member_model.dart
DA:7,0
DA:9,0
DA:10,0
DA:13,0
DA:16,0
DA:17,0
DA:18,0
DA:27,0
DA:29,0
DA:30,0
DA:31,0
DA:32,0
DA:36,0
DA:37,0
LF:14
LH:0
end_of_record
SF:lib\features\get_alert_by_id\data\model\team_member_model.dart
DA:5,0
DA:12,0
DA:21,0
DA:22,0
DA:23,0
DA:24,0
DA:25,0
DA:26,0
DA:27,0
DA:28,0
DA:32,0
DA:33,0
DA:34,0
DA:35,0
DA:36,0
DA:37,0
DA:38,0
DA:39,0
LF:18
LH:0
end_of_record
SF:lib\features\get_alert_by_id\data\repositories\assign_team_repository.dart
DA:10,0
DA:12,0
DA:19,0
DA:25,0
DA:26,0
DA:28,0
LF:6
LH:0
end_of_record
SF:lib\features\get_alert_by_id\data\repositories\generate_pdf_repository_impl.dart
DA:10,0
DA:12,0
DA:14,0
LF:3
LH:0
end_of_record
SF:lib\features\get_alert_by_id\data\repositories\get_alert_by_id_repository_impl.dart
DA:13,0
DA:15,0
DA:18,0
DA:19,0
DA:20,0
DA:22,0
LF:6
LH:0
end_of_record
SF:lib\features\get_alert_by_id\data\repositories\get_team_by_alert_type_repository_impl.dart
DA:10,0
DA:12,0
DA:15,0
DA:16,0
DA:18,0
LF:5
LH:0
end_of_record
SF:lib\features\get_alert_by_id\data\repositories\team_finish_processing_repository_impl.dart
DA:9,0
DA:11,0
DA:18,0
LF:3
LH:0
end_of_record
SF:lib\features\get_alert_by_id\data\repositories\update_by_admin_repository_impl.dart
DA:9,0
DA:11,0
DA:13,0
DA:14,0
DA:15,0
LF:5
LH:0
end_of_record
SF:lib\features\get_alert_by_id\data\repositories\update_by_team_member_repository_impl.dart
DA:10,0
DA:12,0
DA:14,0
DA:15,0
DA:16,0
LF:5
LH:0
end_of_record
SF:lib\features\get_alert_by_id\data\repositories\visited_by_admin_repository_impl.dart
DA:9,0
DA:11,0
DA:13,0
DA:14,0
DA:15,0
LF:5
LH:0
end_of_record
SF:lib\features\get_alert_by_id\data\repositories\visited_team_member_repository_impl.dart
DA:9,0
DA:11,0
DA:13,0
DA:14,0
DA:15,0
LF:5
LH:0
end_of_record
SF:lib\features\home\data\datasource\admin_close_alert_datasource.dart
DA:16,0
DA:18,0
DA:23,0
DA:25,0
DA:26,0
DA:27,0
DA:31,0
DA:32,0
DA:33,0
DA:34,0
DA:36,0
LF:11
LH:0
end_of_record
SF:lib\features\home\data\model\admin_close_alert_request_model.dart
DA:5,0
DA:10,0
DA:11,0
DA:12,0
DA:13,0
LF:5
LH:0
end_of_record
SF:lib\features\home\data\model\admin_close_alert_response_model.dart
DA:4,0
DA:6,0
DA:7,0
DA:8,0
DA:9,0
LF:5
LH:0
end_of_record
SF:lib\features\home\data\datasource\assign_role_datasource.dart
DA:15,0
DA:17,0
DA:20,0
DA:22,0
DA:23,0
DA:24,0
DA:31,0
DA:32,0
DA:34,0
DA:36,0
DA:37,0
DA:38,0
DA:40,0
DA:43,0
LF:14
LH:0
end_of_record
SF:lib\features\home\data\model\assign_role_model.dart
DA:4,0
DA:6,0
DA:7,0
LF:3
LH:0
end_of_record
SF:lib\features\home\data\model\assign_role_request_model.dart
DA:5,0
DA:10,0
DA:11,0
DA:12,0
DA:13,0
LF:5
LH:0
end_of_record
SF:lib\features\home\data\datasource\create_team_datasource.dart
DA:17,0
DA:19,0
DA:22,0
DA:24,0
DA:26,0
DA:28,0
DA:32,0
DA:35,0
DA:37,0
DA:40,0
LF:10
LH:0
end_of_record
SF:lib\features\home\data\model\add_member_model.dart
DA:8,0
DA:14,0
DA:15,0
DA:16,0
DA:17,0
DA:18,0
DA:22,0
DA:23,0
DA:24,0
DA:25,0
DA:26,0
LF:11
LH:0
end_of_record
SF:lib\features\home\data\model\create_team_model.dart
DA:11,0
DA:20,0
DA:21,0
DA:22,0
DA:23,0
DA:24,0
DA:25,0
DA:26,0
DA:27,0
DA:31,0
DA:32,0
DA:33,0
DA:34,0
DA:35,0
DA:36,0
DA:37,0
DA:38,0
LF:17
LH:0
end_of_record
SF:lib\features\home\data\model\team_model.dart
DA:4,0
DA:15,0
DA:29,0
DA:30,0
DA:31,0
DA:32,0
DA:33,0
DA:35,0
DA:37,0
DA:38,0
DA:39,0
DA:40,0
DA:41,0
DA:42,0
DA:46,0
DA:47,0
DA:48,0
DA:49,0
DA:50,0
DA:52,0
DA:53,0
DA:54,0
DA:55,0
DA:56,0
DA:57,0
DA:58,0
DA:62,0
DA:63,0
DA:64,0
DA:65,0
DA:66,0
DA:67,0
DA:68,0
DA:69,0
DA:70,0
DA:71,0
DA:72,0
DA:73,0
LF:38
LH:0
end_of_record
SF:lib\features\home\data\datasource\get_alert_datasource.dart
DA:13,0
DA:15,0
DA:18,0
DA:20,0
DA:21,0
DA:22,0
DA:29,0
DA:30,0
DA:32,0
DA:33,0
DA:34,0
DA:36,0
DA:39,0
LF:13
LH:0
end_of_record
SF:lib\features\home\data\model\get_alert_response_model.dart
DA:4,0
DA:19,0
DA:20,0
DA:21,0
DA:22,0
DA:23,0
DA:24,0
DA:25,0
DA:26,0
DA:27,0
DA:28,0
DA:29,0
DA:30,0
DA:31,0
DA:32,0
DA:36,0
DA:37,0
DA:38,0
DA:39,0
DA:40,0
DA:41,0
DA:42,0
DA:43,0
DA:44,0
DA:45,0
DA:46,0
DA:47,0
DA:48,0
DA:49,0
LF:29
LH:0
end_of_record
SF:lib\features\home\data\model\get_filter_alert_model.dart
DA:5,0
DA:19,0
DA:20,0
DA:22,0
DA:23,0
DA:24,0
DA:25,0
DA:26,0
DA:27,0
DA:28,0
DA:29,0
DA:30,0
DA:31,0
DA:32,0
LF:14
LH:0
end_of_record
SF:lib\features\home\data\datasource\get_team_by_id.dart
DA:14,0
DA:16,0
DA:19,0
DA:21,0
DA:22,0
DA:23,0
DA:30,0
DA:31,0
DA:32,0
DA:33,0
DA:35,0
LF:11
LH:0
end_of_record
SF:lib\features\home\data\model\team_by_id_response_model.dart
DA:7,0
DA:12,0
DA:13,0
DA:14,0
DA:15,0
DA:16,0
DA:17,0
LF:7
LH:0
end_of_record
SF:lib\features\home\data\datasource\get_teams_by_member_id.dart
DA:14,0
DA:16,0
DA:19,0
DA:21,0
DA:24,0
DA:25,0
DA:27,0
LF:7
LH:0
end_of_record
SF:lib\features\home\data\datasource\notification_read_datasource.dart
DA:21,0
DA:23,0
DA:27,0
DA:29,0
DA:30,0
DA:31,0
DA:38,0
DA:39,0
DA:41,0
DA:42,0
DA:47,0
DA:51,0
DA:53,0
DA:54,0
DA:55,0
DA:62,0
DA:63,0
DA:65,0
DA:66,0
DA:71,0
DA:75,0
DA:77,0
DA:78,0
DA:79,0
DA:86,0
DA:87,0
DA:89,0
DA:90,0
LF:28
LH:0
end_of_record
SF:lib\features\home\data\model\mark_notification_read_models.dart
DA:5,0
DA:10,0
DA:11,0
DA:19,0
DA:24,0
DA:25,0
DA:32,0
DA:34,0
DA:35,0
DA:42,0
DA:44,0
DA:45,0
LF:12
LH:0
end_of_record
SF:lib\features\home\data\datasource\team_datasource.dart
DA:15,0
DA:17,0
DA:20,0
DA:22,0
DA:23,0
DA:24,0
DA:32,0
DA:33,0
DA:34,0
DA:36,0
DA:38,0
DA:39,0
DA:40,0
DA:42,0
DA:45,0
LF:15
LH:0
end_of_record
SF:lib\features\home\data\model\team_filter_model.dart
DA:5,0
DA:11,0
DA:19,0
DA:20,0
DA:22,0
DA:23,0
DA:25,0
DA:26,0
DA:28,0
DA:29,0
DA:31,0
DA:32,0
DA:34,0
DA:35,0
LF:14
LH:0
end_of_record
SF:lib\features\home\data\datasource\team_start_processing_datasource.dart
DA:14,0
DA:16,0
DA:19,0
DA:21,0
DA:23,0
DA:25,0
LF:6
LH:0
end_of_record
SF:lib\features\home\data\model\team_start_processing_model.dart
DA:7,0
DA:12,0
DA:13,0
DA:14,0
DA:15,0
DA:19,0
DA:20,0
DA:21,0
DA:22,0
DA:30,0
DA:34,0
DA:35,0
DA:36,0
DA:40,0
DA:41,0
DA:42,0
LF:16
LH:0
end_of_record
SF:lib\features\home\data\datasource\user_detail_datasource.dart
DA:15,0
DA:17,0
DA:20,0
DA:22,0
DA:23,0
DA:24,0
DA:31,0
DA:32,0
DA:34,0
DA:36,0
DA:37,0
DA:38,0
DA:40,0
DA:43,0
LF:14
LH:0
end_of_record
SF:lib\features\home\data\model\user_detail_model.dart
DA:4,0
DA:15,0
DA:28,0
DA:29,0
DA:30,0
DA:31,0
DA:32,0
DA:33,0
DA:34,0
DA:35,0
DA:36,0
DA:37,0
DA:38,0
DA:39,0
DA:40,0
DA:41,0
DA:45,0
DA:46,0
DA:47,0
DA:48,0
DA:49,0
DA:50,0
DA:51,0
DA:52,0
DA:53,0
DA:54,0
DA:55,0
DA:56,0
LF:28
LH:0
end_of_record
SF:lib\features\home\data\model\user_detail_request_model.dart
DA:5,0
DA:10,0
DA:11,0
DA:12,0
DA:13,0
LF:5
LH:0
end_of_record
SF:lib\features\home\data\datasource\users_datasource.dart
DA:15,0
DA:16,0
DA:19,0
DA:21,0
DA:22,0
DA:23,0
DA:31,0
DA:32,0
DA:33,0
DA:35,0
DA:37,0
DA:38,0
DA:39,0
DA:41,0
DA:44,0
LF:15
LH:0
end_of_record
SF:lib\features\home\data\model\users_filter.dart
DA:6,0
DA:17,0
DA:30,0
DA:31,0
DA:32,0
DA:33,0
DA:36,0
DA:37,0
DA:39,0
DA:40,0
DA:42,0
DA:43,0
DA:45,0
DA:46,0
DA:48,0
DA:49,0
DA:51,0
DA:52,0
DA:54,0
DA:55,0
DA:57,0
DA:58,0
LF:22
LH:0
end_of_record
SF:lib\features\home\data\model\users_model.dart
DA:6,0
DA:14,0
DA:24,0
DA:25,0
DA:26,0
DA:27,0
DA:28,0
DA:29,0
DA:30,0
DA:31,0
DA:32,0
DA:33,0
DA:34,0
DA:38,0
DA:39,0
DA:40,0
DA:41,0
DA:42,0
DA:43,0
DA:44,0
DA:45,0
DA:46,0
LF:22
LH:0
end_of_record
SF:lib\features\home\data\model\team_detail_model.dart
DA:4,0
DA:16,0
DA:17,0
DA:18,0
DA:19,0
DA:20,0
DA:21,0
DA:22,0
DA:23,0
DA:24,0
DA:25,0
DA:26,0
LF:12
LH:0
end_of_record
SF:lib\features\home\data\model\team_member_model.dart
DA:4,0
DA:14,0
DA:15,0
DA:16,0
DA:17,0
DA:18,0
DA:19,0
DA:20,0
DA:21,0
DA:22,0
LF:10
LH:0
end_of_record
SF:lib\features\home\data\repositories\admin_close_alert_repository_impl.dart
DA:11,0
DA:13,0
DA:18,0
DA:19,0
DA:20,0
DA:22,0
DA:23,0
DA:25,0
LF:8
LH:0
end_of_record
SF:lib\features\home\data\repositories\assign_role_repository_impl.dart
DA:10,0
DA:12,0
DA:18,0
DA:23,0
DA:24,0
DA:26,0
LF:6
LH:0
end_of_record
SF:lib\features\home\data\repositories\create_team_repository_impl.dart
DA:12,0
DA:14,0
DA:16,0
DA:17,0
DA:18,0
DA:21,0
DA:23,0
DA:24,0
LF:8
LH:0
end_of_record
SF:lib\features\home\data\repositories\get_alert_impl.dart
DA:12,0
DA:14,0
DA:17,0
DA:18,0
DA:19,0
DA:20,0
DA:21,0
DA:22,0
DA:23,0
DA:24,0
DA:25,0
DA:26,0
DA:27,0
DA:28,0
DA:31,0
DA:32,0
DA:34,0
LF:17
LH:0
end_of_record
SF:lib\features\home\data\repositories\get_teams_by_member_id_repository_impl.dart
DA:8,0
DA:10,0
DA:12,0
DA:13,0
LF:4
LH:0
end_of_record
SF:lib\features\home\data\repositories\notification_read_repository_impl.dart
DA:10,0
DA:12,0
DA:18,0
DA:23,0
DA:25,0
DA:27,0
DA:31,0
DA:37,0
DA:42,0
DA:44,0
DA:46,0
DA:50,0
DA:55,0
DA:59,0
DA:61,0
DA:63,0
LF:16
LH:0
end_of_record
SF:lib\features\home\data\repositories\team_by_id_repository_impl.dart
DA:10,0
DA:12,0
DA:15,0
DA:16,0
DA:18,0
LF:5
LH:0
end_of_record
SF:lib\features\home\data\repositories\team_repository_impl.dart
DA:14,0
DA:16,0
DA:19,0
DA:20,0
DA:21,0
DA:22,0
DA:23,0
DA:24,0
DA:27,0
DA:28,0
DA:30,0
LF:11
LH:0
end_of_record
SF:lib\features\home\data\repositories\team_start_processing_repository_impl.dart
DA:9,0
DA:11,0
DA:13,0
DA:14,0
DA:15,0
LF:5
LH:0
end_of_record
SF:lib\features\home\data\repositories\user_detail_repository_impl.dart
DA:11,0
DA:13,0
DA:19,0
DA:24,0
DA:25,0
DA:27,0
LF:6
LH:0
end_of_record
SF:lib\features\home\data\repositories\users_repository_impl.dart
DA:11,0
DA:13,0
DA:16,0
DA:17,0
DA:18,0
DA:19,0
DA:20,0
DA:21,0
DA:22,0
DA:23,0
DA:24,0
DA:25,0
DA:26,0
DA:29,0
DA:30,0
DA:32,0
LF:16
LH:0
end_of_record
SF:lib\features\profile\data\datasource\get_user_info_remote_datasource.dart
DA:33,0
DA:35,0
DA:37,0
DA:40,0
DA:53,0
DA:59,0
DA:60,0
DA:61,0
DA:62,0
DA:64,0
DA:67,0
DA:68,0
DA:75,0
DA:81,0
DA:83,0
DA:90,0
DA:91,0
DA:93,0
LF:18
LH:0
end_of_record
SF:lib\features\profile\data\model\chnage_password.dart
DA:4,0
DA:6,0
DA:7,0
DA:8,0
LF:4
LH:0
end_of_record
SF:lib\features\profile\data\model\get_user_info_request.dart
DA:4,0
DA:17,0
DA:18,0
DA:19,0
DA:20,0
DA:21,0
DA:22,0
DA:23,0
DA:24,0
DA:25,0
DA:26,0
DA:27,0
DA:28,0
DA:32,0
DA:33,0
DA:34,0
DA:35,0
DA:36,0
DA:37,0
DA:38,0
DA:39,0
DA:40,0
DA:41,0
DA:42,0
DA:43,0
LF:25
LH:0
end_of_record
SF:lib\features\profile\data\model\update_user_profile.dart
DA:4,0
DA:12,0
DA:13,0
DA:14,0
DA:15,0
DA:16,0
DA:17,0
DA:18,0
DA:22,0
DA:23,0
DA:24,0
DA:25,0
DA:26,0
DA:27,0
DA:28,0
LF:15
LH:0
end_of_record
SF:lib\features\profile\data\repositories\get-user_info_repository_impl.dart
DA:13,0
DA:15,0
DA:17,0
DA:20,0
DA:26,0
DA:35,0
DA:41,0
LF:7
LH:0
end_of_record
